2024-12-03 20:12:07,177 [INFO] Activator:176 - 


2024-12-03 20:12:07,182 [INFO] Activator:177 - !SESSION log4j initialized
2024-12-03 20:12:10,951 [INFO] LogOutputStream:77 - [STDOUT_REDIRECT] 
2024-12-03 20:12:13,755 [INFO] ApplicationProperties:184 - Using Application install path: C:\ST\STM32CubeIDE_1.16.1\STM32CubeIDE\plugins\com.st.stm32cube.common.mx_6.12.1.202409122256
2024-12-03 20:12:13,783 [INFO] DbMcusXml:78 - Set database path to: C:\ST\STM32CubeIDE_1.16.1\STM32CubeIDE\plugins\com.st.stm32cube.common.mx_6.12.1.202409122256\\db\/mcu/
2024-12-03 20:12:13,784 [INFO] ApiDb:274 - Set plugin database path to: C:\ST\STM32CubeIDE_1.16.1\STM32CubeIDE\plugins\com.st.stm32cube.common.mx_6.12.1.202409122256\\db\/plugins/boardmanager/
2024-12-03 20:12:13,784 [WARN] ApiDb:259 - Overriding images path with different value:  => C:\ST\STM32CubeIDE_1.16.1\STM32CubeIDE\plugins\com.st.stm32cube.common.mx_6.12.1.202409122256\\db\/plugins/mcufinder/images/
2024-12-03 20:12:13,795 [INFO] ApiDb:250 - Set database path to: C:\Users\frado\.stmcufinder\plugins\mcufinder//mcu/
2024-12-03 20:12:13,797 [INFO] DbMcusAds:125 - Set database path to: C:\Users\frado\.stmcufinder\plugins\mcufinder//mcu/
2024-12-03 20:12:13,801 [INFO] CrossReferenceDbSqlite:203 - Set database path to: C:\Users\frado\.stmcufinder\plugins\mcufinder//mcu/cs/
2024-12-03 20:12:13,897 [ERROR] ConfigurationRetriever:142 - IOException on connection: Connect timed out
2024-12-03 20:12:13,976 [INFO] RulesReader:64 - Compatibility file has been processed (297 Rules)
2024-12-03 20:12:14,114 [INFO] DbMcusXml:78 - Set database path to: C:\ST\STM32CubeIDE_1.16.1\STM32CubeIDE\plugins\com.st.stm32cube.common.mx_6.12.1.202409122256\\db\/mcu/
2024-12-03 20:12:14,114 [INFO] ApiDb:274 - Set plugin database path to: C:\ST\STM32CubeIDE_1.16.1\STM32CubeIDE\plugins\com.st.stm32cube.common.mx_6.12.1.202409122256\\db\/plugins/boardmanager/
2024-12-03 20:12:14,114 [INFO] ApiDb:261 - Set plugin images path to: C:\ST\STM32CubeIDE_1.16.1\STM32CubeIDE\plugins\com.st.stm32cube.common.mx_6.12.1.202409122256\\db\/plugins/mcufinder/images/
2024-12-03 20:12:14,115 [WARN] DbFile:41 - Overriding database path with different value: C:\Users\frado\.stmcufinder\plugins\mcufinder/ => C:\Users\frado\.stmcufinder\plugins\mcufinder
2024-12-03 20:12:14,115 [INFO] ApiDb:250 - Set database path to: C:\Users\frado\.stmcufinder\plugins\mcufinder//mcu/
2024-12-03 20:12:14,115 [WARN] DbFile:41 - Overriding database path with different value: C:\Users\frado\.stmcufinder\plugins\mcufinder/ => C:\Users\frado\.stmcufinder\plugins\mcufinder
2024-12-03 20:12:14,115 [INFO] DbMcusAds:125 - Set database path to: C:\Users\frado\.stmcufinder\plugins\mcufinder//mcu/
2024-12-03 20:12:14,116 [WARN] DbFile:41 - Overriding database path with different value: C:\Users\frado\.stmcufinder\plugins\mcufinder/ => C:\Users\frado\.stmcufinder\plugins\mcufinder
2024-12-03 20:12:14,116 [WARN] DbFile:41 - Overriding database path with different value: C:\Users\frado\.stmcufinder\plugins\mcufinder/ => C:\Users\frado\.stmcufinder\plugins\mcufinder
2024-12-03 20:12:14,116 [INFO] CrossReferenceDbSqlite:203 - Set database path to: C:\Users\frado\.stmcufinder\plugins\mcufinder//mcu/cs/
2024-12-03 20:12:14,236 [INFO] MainPanel:268 - HeapMemory: 268435456
2024-12-03 20:12:14,359 [INFO] DbMcusXml:78 - Set database path to: C:\ST\STM32CubeIDE_1.16.1\STM32CubeIDE\plugins\com.st.stm32cube.common.mx_6.12.1.202409122256\\db\/mcu/
2024-12-03 20:12:14,359 [INFO] ApiDb:274 - Set plugin database path to: C:\ST\STM32CubeIDE_1.16.1\STM32CubeIDE\plugins\com.st.stm32cube.common.mx_6.12.1.202409122256\\db\/plugins/boardmanager/
2024-12-03 20:12:14,360 [INFO] ApiDb:261 - Set plugin images path to: C:\ST\STM32CubeIDE_1.16.1\STM32CubeIDE\plugins\com.st.stm32cube.common.mx_6.12.1.202409122256\\db\/plugins/mcufinder/images/
2024-12-03 20:12:14,360 [WARN] DbFile:41 - Overriding database path with different value: C:\Users\frado\.stmcufinder\plugins\mcufinder/ => C:\Users\frado\.stmcufinder\plugins\mcufinder
2024-12-03 20:12:14,361 [INFO] ApiDb:250 - Set database path to: C:\Users\frado\.stmcufinder\plugins\mcufinder//mcu/
2024-12-03 20:12:14,361 [WARN] DbFile:41 - Overriding database path with different value: C:\Users\frado\.stmcufinder\plugins\mcufinder/ => C:\Users\frado\.stmcufinder\plugins\mcufinder
2024-12-03 20:12:14,361 [INFO] DbMcusAds:125 - Set database path to: C:\Users\frado\.stmcufinder\plugins\mcufinder//mcu/
2024-12-03 20:12:14,361 [WARN] DbFile:41 - Overriding database path with different value: C:\Users\frado\.stmcufinder\plugins\mcufinder/ => C:\Users\frado\.stmcufinder\plugins\mcufinder
2024-12-03 20:12:14,361 [WARN] DbFile:41 - Overriding database path with different value: C:\Users\frado\.stmcufinder\plugins\mcufinder/ => C:\Users\frado\.stmcufinder\plugins\mcufinder
2024-12-03 20:12:14,361 [INFO] CrossReferenceDbSqlite:203 - Set database path to: C:\Users\frado\.stmcufinder\plugins\mcufinder//mcu/cs/
2024-12-03 20:12:14,402 [INFO] ApplicationProperties:184 - Using Application install path: C:\ST\STM32CubeIDE_1.16.1\STM32CubeIDE\plugins\com.st.stm32cube.common.mx_6.12.1.202409122256
2024-12-03 20:12:14,405 [INFO] PluginManage:196 - Search for loadable plugins [exclusion list=, ]
2024-12-03 20:12:14,407 [INFO] PluginManage:310 - Check plugin analytics
2024-12-03 20:12:14,651 [INFO] AnalyticsPlugin:253 - Accepted Software Licenses: STM32CubeMX.6.12.1
2024-12-03 20:12:14,651 [INFO] AnalyticsPlugin:255 - Accepted CMSIS Pack Licenses: 
2024-12-03 20:12:14,651 [INFO] AnalyticsPlugin:257 - Accepted Firmware Licenses: FW.F4.1.28.0,FW.L4.1.18.0
2024-12-03 20:12:14,655 [INFO] PluginManage:359 - Loaded plugin analytics (category:tool,tabindex:-1)
2024-12-03 20:12:14,656 [INFO] PluginManage:310 - Check plugin cadmodel
2024-12-03 20:12:14,661 [INFO] CADModel:105 - Init CAD model plugin
2024-12-03 20:12:14,661 [INFO] PluginManage:359 - Loaded plugin cadmodel (category:power,tabindex:5)
2024-12-03 20:12:14,661 [INFO] PluginManage:310 - Check plugin clock
2024-12-03 20:12:14,673 [INFO] PluginManage:359 - Loaded plugin clock (category:base,tabindex:2)
2024-12-03 20:12:14,674 [INFO] PluginManage:310 - Check plugin ddr
2024-12-03 20:12:14,676 [INFO] PluginManage:359 - Loaded plugin ddr (category:tool,tabindex:6)
2024-12-03 20:12:14,676 [INFO] PluginManage:310 - Check plugin filemanager
2024-12-03 20:12:14,891 [INFO] PluginManage:359 - Loaded plugin filemanager (category:base,tabindex:10)
2024-12-03 20:12:14,892 [INFO] PluginManage:310 - Check plugin ipmanager
2024-12-03 20:12:14,903 [INFO] PluginManage:359 - Loaded plugin ipmanager (category:base,tabindex:5)
2024-12-03 20:12:14,903 [INFO] PluginManage:310 - Check plugin lpbam
2024-12-03 20:12:14,915 [INFO] PluginManage:359 - Loaded plugin lpbam (category:base,tabindex:0)
2024-12-03 20:12:14,916 [INFO] PluginManage:310 - Check plugin memorymap
2024-12-03 20:12:14,933 [INFO] PluginManage:359 - Loaded plugin memorymap (category:base,tabindex:4)
2024-12-03 20:12:14,934 [INFO] PluginManage:310 - Check plugin pinoutandconfiguration
2024-12-03 20:12:14,945 [INFO] PluginManage:359 - Loaded plugin pinoutandconfiguration (category:base,tabindex:1)
2024-12-03 20:12:14,945 [INFO] PluginManage:310 - Check plugin pinoutconfig
2024-12-03 20:12:15,132 [WARN] SupportedApi:132 - Cannot load RTOS API schema: s4s-elt-must-match.1: The content of 'definitions' must match (annotation?, (simpleType | complexType)?, (unique | key | keyref)*)). A problem was found starting at: attribute.
2024-12-03 20:12:15,329 [INFO] PluginManage:359 - Loaded plugin pinoutconfig (category:base,tabindex:0)
2024-12-03 20:12:15,329 [INFO] PluginManage:310 - Check plugin power
2024-12-03 20:12:15,341 [INFO] PluginManage:359 - Loaded plugin power (category:power,tabindex:4)
2024-12-03 20:12:15,341 [INFO] PluginManage:310 - Check plugin projectmanager
2024-12-03 20:12:15,367 [INFO] PluginManage:359 - Loaded plugin projectmanager (category:projectmanager,tabindex:4)
2024-12-03 20:12:15,367 [INFO] PluginManage:310 - Check plugin rif
2024-12-03 20:12:15,375 [INFO] PluginManage:359 - Loaded plugin rif (category:base,tabindex:3)
2024-12-03 20:12:15,375 [INFO] PluginManage:310 - Check plugin thirdparty
2024-12-03 20:12:15,545 [INFO] PluginManage:359 - Loaded plugin thirdparty (category:base,tabindex:-1)
2024-12-03 20:12:15,546 [WARN] IntegrityCheckThread:84 - waiting for thirdparty lock release [integrity check]
2024-12-03 20:12:15,546 [INFO] PluginManage:310 - Check plugin tools
2024-12-03 20:12:15,546 [INFO] IntegrityCheckThread:86 - entering critical section [integrity check]
2024-12-03 20:12:15,546 [INFO] ThirdPartyUpdaterWithRetryManager:70 - Updater plugin not ready yet. [1/15]
2024-12-03 20:12:15,549 [INFO] PluginManage:359 - Loaded plugin tools (category:base,tabindex:7)
2024-12-03 20:12:15,549 [INFO] PluginManage:310 - Check plugin tutovideos
2024-12-03 20:12:15,790 [INFO] PluginManage:359 - Loaded plugin tutovideos (category:base,tabindex:-1)
2024-12-03 20:12:15,790 [INFO] PluginManage:310 - Check plugin updater
2024-12-03 20:12:15,815 [INFO] PluginManage:359 - Loaded plugin updater (category:base,tabindex:12)
2024-12-03 20:12:15,816 [INFO] PluginManage:310 - Check plugin userauth
2024-12-03 20:12:15,823 [INFO] UserAuth:113 - Init User Auth plugin
2024-12-03 20:12:15,823 [INFO] PluginManage:359 - Loaded plugin userauth (category:base,tabindex:14)
2024-12-03 20:12:15,824 [INFO] PluginManage:283 - PluginManage : Loaded plugins [18]
2024-12-03 20:12:16,140 [INFO] PinOutPanel:1561 - setPackage(No Configuration,No Configuration)
2024-12-03 20:12:16,277 [INFO] CADModel:165 - CPN selected for project level
2024-12-03 20:12:16,277 [INFO] CADModel:114 - Register for checkConnection events
2024-12-03 20:12:16,299 [INFO] IPUIPlugin:80 - create IPUIPlugin
2024-12-03 20:12:16,299 [INFO] PluginManager:220 - loadIPPluginJar : add adc
2024-12-03 20:12:16,303 [INFO] IPUIPlugin:80 - create IPUIPlugin
2024-12-03 20:12:16,303 [INFO] PluginManager:220 - loadIPPluginJar : add aes
2024-12-03 20:12:16,307 [INFO] IPUIPlugin:80 - create IPUIPlugin
2024-12-03 20:12:16,307 [INFO] PluginManager:220 - loadIPPluginJar : add can
2024-12-03 20:12:16,310 [INFO] IPUIPlugin:80 - create IPUIPlugin
2024-12-03 20:12:16,310 [INFO] PluginManager:220 - loadIPPluginJar : add comp
2024-12-03 20:12:16,313 [INFO] IPUIPlugin:80 - create IPUIPlugin
2024-12-03 20:12:16,313 [INFO] PluginManager:220 - loadIPPluginJar : add cryp
2024-12-03 20:12:16,316 [INFO] IPUIPlugin:80 - create IPUIPlugin
2024-12-03 20:12:16,316 [INFO] PluginManager:220 - loadIPPluginJar : add ddr_ctrl_phy
2024-12-03 20:12:16,319 [INFO] IPUIPlugin:80 - create IPUIPlugin
2024-12-03 20:12:16,319 [INFO] PluginManager:220 - loadIPPluginJar : add dfsdm
2024-12-03 20:12:16,326 [INFO] IPUIPlugin:80 - create IPUIPlugin
2024-12-03 20:12:16,327 [INFO] PluginManager:220 - loadIPPluginJar : add dma
2024-12-03 20:12:16,330 [INFO] IPUIPlugin:80 - create IPUIPlugin
2024-12-03 20:12:16,330 [INFO] PluginManager:220 - loadIPPluginJar : add dma3
2024-12-03 20:12:16,333 [INFO] IPUIPlugin:80 - create IPUIPlugin
2024-12-03 20:12:16,333 [INFO] PluginManager:220 - loadIPPluginJar : add extmemmanager
2024-12-03 20:12:16,335 [INFO] IPUIPlugin:80 - create IPUIPlugin
2024-12-03 20:12:16,335 [INFO] PluginManager:220 - loadIPPluginJar : add fatfs
2024-12-03 20:12:16,341 [INFO] IPUIPlugin:80 - create IPUIPlugin
2024-12-03 20:12:16,342 [INFO] PluginManager:220 - loadIPPluginJar : add fmc
2024-12-03 20:12:16,348 [INFO] IPUIPlugin:80 - create IPUIPlugin
2024-12-03 20:12:16,348 [INFO] PluginManager:220 - loadIPPluginJar : add freertos
2024-12-03 20:12:16,350 [INFO] IPUIPlugin:80 - create IPUIPlugin
2024-12-03 20:12:16,350 [INFO] PluginManager:220 - loadIPPluginJar : add genericplugin
2024-12-03 20:12:16,353 [INFO] IPUIPlugin:80 - create IPUIPlugin
2024-12-03 20:12:16,353 [INFO] PluginManager:220 - loadIPPluginJar : add gfxmmu
2024-12-03 20:12:16,359 [INFO] IPUIPlugin:80 - create IPUIPlugin
2024-12-03 20:12:16,359 [INFO] PluginManager:220 - loadIPPluginJar : add gic
2024-12-03 20:12:16,364 [INFO] IPUIPlugin:80 - create IPUIPlugin
2024-12-03 20:12:16,364 [INFO] PluginManager:220 - loadIPPluginJar : add gpio
2024-12-03 20:12:16,367 [INFO] IPUIPlugin:80 - create IPUIPlugin
2024-12-03 20:12:16,367 [INFO] PluginManager:220 - loadIPPluginJar : add gtzc
2024-12-03 20:12:16,370 [INFO] IPUIPlugin:80 - create IPUIPlugin
2024-12-03 20:12:16,370 [INFO] PluginManager:220 - loadIPPluginJar : add hash
2024-12-03 20:12:16,373 [INFO] IPUIPlugin:80 - create IPUIPlugin
2024-12-03 20:12:16,373 [INFO] PluginManager:220 - loadIPPluginJar : add i2c
2024-12-03 20:12:16,376 [INFO] IPUIPlugin:80 - create IPUIPlugin
2024-12-03 20:12:16,376 [INFO] PluginManager:220 - loadIPPluginJar : add i2s
2024-12-03 20:12:16,379 [INFO] IPUIPlugin:80 - create IPUIPlugin
2024-12-03 20:12:16,379 [INFO] PluginManager:220 - loadIPPluginJar : add i3c
2024-12-03 20:12:16,383 [INFO] IPUIPlugin:80 - create IPUIPlugin
2024-12-03 20:12:16,383 [INFO] PluginManager:220 - loadIPPluginJar : add ipddr
2024-12-03 20:12:16,392 [INFO] IPUIPlugin:80 - create IPUIPlugin
2024-12-03 20:12:16,392 [INFO] PluginManager:220 - loadIPPluginJar : add linkedlist
2024-12-03 20:12:16,396 [INFO] IPUIPlugin:80 - create IPUIPlugin
2024-12-03 20:12:16,396 [INFO] PluginManager:220 - loadIPPluginJar : add lorawan
2024-12-03 20:12:16,398 [INFO] IPUIPlugin:80 - create IPUIPlugin
2024-12-03 20:12:16,398 [INFO] PluginManager:220 - loadIPPluginJar : add ltdc
2024-12-03 20:12:16,406 [INFO] IPUIPlugin:80 - create IPUIPlugin
2024-12-03 20:12:16,407 [INFO] PluginManager:220 - loadIPPluginJar : add mdma
2024-12-03 20:12:16,411 [INFO] IPUIPlugin:80 - create IPUIPlugin
2024-12-03 20:12:16,411 [INFO] PluginManager:220 - loadIPPluginJar : add nvic
2024-12-03 20:12:16,414 [INFO] IPUIPlugin:80 - create IPUIPlugin
2024-12-03 20:12:16,415 [INFO] PluginManager:220 - loadIPPluginJar : add opamp
2024-12-03 20:12:16,418 [INFO] IPUIPlugin:80 - create IPUIPlugin
2024-12-03 20:12:16,418 [INFO] PluginManager:220 - loadIPPluginJar : add openamp
2024-12-03 20:12:16,422 [INFO] IPUIPlugin:80 - create IPUIPlugin
2024-12-03 20:12:16,422 [INFO] PluginManager:220 - loadIPPluginJar : add pdm2pcm
2024-12-03 20:12:16,430 [INFO] IPUIPlugin:80 - create IPUIPlugin
2024-12-03 20:12:16,434 [INFO] PluginManager:220 - loadIPPluginJar : add plateformsettings
2024-12-03 20:12:16,436 [INFO] IPUIPlugin:80 - create IPUIPlugin
2024-12-03 20:12:16,437 [INFO] PluginManager:220 - loadIPPluginJar : add quadspi
2024-12-03 20:12:16,439 [INFO] IPUIPlugin:80 - create IPUIPlugin
2024-12-03 20:12:16,439 [INFO] PluginManager:220 - loadIPPluginJar : add radio
2024-12-03 20:12:16,443 [INFO] IPUIPlugin:80 - create IPUIPlugin
2024-12-03 20:12:16,443 [INFO] PluginManager:220 - loadIPPluginJar : add resmgrutility
2024-12-03 20:12:16,447 [INFO] IPUIPlugin:80 - create IPUIPlugin
2024-12-03 20:12:16,447 [INFO] PluginManager:220 - loadIPPluginJar : add sai
2024-12-03 20:12:16,450 [INFO] IPUIPlugin:80 - create IPUIPlugin
2024-12-03 20:12:16,450 [INFO] PluginManager:220 - loadIPPluginJar : add spi
2024-12-03 20:12:16,456 [INFO] IPUIPlugin:80 - create IPUIPlugin
2024-12-03 20:12:16,456 [INFO] PluginManager:220 - loadIPPluginJar : add stm32_wpan
2024-12-03 20:12:16,458 [INFO] IPUIPlugin:80 - create IPUIPlugin
2024-12-03 20:12:16,459 [INFO] PluginManager:220 - loadIPPluginJar : add tim
2024-12-03 20:12:16,462 [INFO] IPUIPlugin:80 - create IPUIPlugin
2024-12-03 20:12:16,463 [INFO] PluginManager:220 - loadIPPluginJar : add touchsensing
2024-12-03 20:12:16,465 [INFO] IPUIPlugin:80 - create IPUIPlugin
2024-12-03 20:12:16,465 [INFO] PluginManager:220 - loadIPPluginJar : add tracer_emb
2024-12-03 20:12:16,467 [INFO] IPUIPlugin:80 - create IPUIPlugin
2024-12-03 20:12:16,467 [INFO] PluginManager:220 - loadIPPluginJar : add ts
2024-12-03 20:12:16,470 [INFO] IPUIPlugin:80 - create IPUIPlugin
2024-12-03 20:12:16,470 [INFO] PluginManager:220 - loadIPPluginJar : add tsc
2024-12-03 20:12:16,473 [INFO] IPUIPlugin:80 - create IPUIPlugin
2024-12-03 20:12:16,473 [INFO] PluginManager:220 - loadIPPluginJar : add ucpd
2024-12-03 20:12:16,476 [INFO] IPUIPlugin:80 - create IPUIPlugin
2024-12-03 20:12:16,477 [INFO] PluginManager:220 - loadIPPluginJar : add usart
2024-12-03 20:12:16,480 [INFO] IPUIPlugin:80 - create IPUIPlugin
2024-12-03 20:12:16,480 [INFO] PluginManager:220 - loadIPPluginJar : add usbx
2024-12-03 20:12:16,668 [INFO] CADModel:165 - CPN selected for project level
2024-12-03 20:12:16,668 [INFO] CADModel:114 - Register for checkConnection events
2024-12-03 20:12:16,668 [FATAL] Updater:334 - Updater called before beeing initialized
2024-12-03 20:12:16,669 [ERROR] CADModel:125 - Updater not yet initialized, retry later 
2024-12-03 20:12:16,859 [INFO] CADModel:165 - CPN selected for project level
2024-12-03 20:12:16,859 [INFO] CADModel:114 - Register for checkConnection events
2024-12-03 20:12:16,860 [FATAL] Updater:334 - Updater called before beeing initialized
2024-12-03 20:12:16,860 [ERROR] CADModel:125 - Updater not yet initialized, retry later 
2024-12-03 20:12:16,864 [FATAL] Updater:334 - Updater called before beeing initialized
2024-12-03 20:12:17,032 [FATAL] Updater:334 - Updater called before beeing initialized
2024-12-03 20:12:17,038 [INFO] DbMcusAds:53 - JSON generation date=Fri Sep 20 15:04:23 CEST 2024 (1726837463113)
2024-12-03 20:12:17,038 [FATAL] Updater:334 - Updater called before beeing initialized
2024-12-03 20:12:17,094 [WARN] DetailPanel:346 - Failed to get advertising image, set to default
2024-12-03 20:12:17,251 [FATAL] Updater:334 - Updater called before beeing initialized
2024-12-03 20:12:17,254 [FATAL] Updater:334 - Updater called before beeing initialized
2024-12-03 20:12:17,255 [FATAL] Updater:334 - Updater called before beeing initialized
2024-12-03 20:12:17,255 [WARN] DetailPanel:346 - Failed to get advertising image, set to default
2024-12-03 20:12:17,256 [FATAL] Updater:334 - Updater called before beeing initialized
2024-12-03 20:12:17,329 [ERROR] Updater:1164 - MainUpdater not yet initialized. External WinMGr cannot be set.
2024-12-03 20:12:17,331 [INFO] Updater:1100 - Updater Version found : 6.12.1
2024-12-03 20:12:17,356 [INFO] ApplicationProperties:184 - Using Application install path: C:\ST\STM32CubeIDE_1.16.1\STM32CubeIDE\plugins\com.st.stm32cube.common.mx_6.12.1.202409122256
2024-12-03 20:12:18,547 [INFO] ThirdPartyUpdaterWithRetryManager:70 - Updater plugin not ready yet. [2/15]
2024-12-03 20:12:18,940 [ERROR] LogOutputStream:75 - [STDERR_REDIRECT] Dec 03, 2024 8:12:18 PM java.util.prefs.WindowsPreferences <init>
2024-12-03 20:12:18,943 [ERROR] LogOutputStream:75 - [STDERR_REDIRECT] WARNING: Could not open/create prefs root node Software\JavaSoft\Prefs at root 0xffffffff80000002. Windows RegCreateKeyEx(...) returned error code 5.
2024-12-03 20:12:18,943 [ERROR] LogOutputStream:75 - [STDERR_REDIRECT] 
2024-12-03 20:12:19,695 [INFO] MainUpdater:2873 - connection check result : 10
2024-12-03 20:12:19,696 [INFO] MainUpdater:290 - Updater Check For Update Now.
2024-12-03 20:12:19,696 [INFO] MicroXplorer:498 - Change Database Version : DB.6.0.121
2024-12-03 20:12:19,717 [INFO] McuFinderGlobals:63 - Set McuFinder mode to 2 (CubeIDE integrated)
2024-12-03 20:12:19,719 [INFO] UserAuth:417 - Internet connection configuration mode: 1
2024-12-03 20:12:19,760 [INFO] JxBrowserEngine:152 - Initiate JxBrowser Engine with user profile folder
2024-12-03 20:12:19,993 [INFO] CheckServerUpdateThread:120 - End of CheckServer Thread
2024-12-03 20:12:20,695 [INFO] WebApp:167 - Instantiating new browser for Auth
2024-12-03 20:12:21,676 [INFO] WebApp:448 - Apply proxy settings
2024-12-03 20:12:21,677 [INFO] WebApp:533 - Chromium requires no authentication
2024-12-03 20:12:21,689 [INFO] WebApp:476 - Direct internet connection detected
2024-12-03 20:12:21,724 [INFO] WebApp:869 - Register for checkConnection events
2024-12-03 20:12:21,725 [INFO] WebApp:448 - Apply proxy settings
2024-12-03 20:12:21,725 [INFO] WebApp:533 - Chromium requires no authentication
2024-12-03 20:12:21,725 [INFO] WebApp:476 - Direct internet connection detected
2024-12-03 20:12:21,904 [WARN] PackLoader:240 - Cannot read IP mode file for STMicroelectronics.FP-SNS-MOTENVWB1.1.4.0
2024-12-03 20:12:21,919 [WARN] PackLoader:240 - Cannot read IP mode file for STMicroelectronics.FP-ATR-ASTRA1.2.0.1
2024-12-03 20:12:21,946 [WARN] PackLoader:240 - Cannot read IP mode file for STMicroelectronics.X-CUBE-SMBUS.2.1.0
2024-12-03 20:12:21,962 [WARN] PackLoader:240 - Cannot read IP mode file for STMicroelectronics.X-CUBE-WB05N.1.1.0
2024-12-03 20:12:22,034 [WARN] PackLoader:240 - Cannot read IP mode file for STMicroelectronics.X-CUBE-AZRTOS-F7.1.1.0
2024-12-03 20:12:22,066 [INFO] WebApp:220 - Starting web application
2024-12-03 20:12:22,067 [INFO] WebApp:578 - Web application path used C:\ST\STM32CubeIDE_1.16.1\STM32CubeIDE\plugins\com.st.stm32cube.common.mx_6.12.1.202409122256\db\plugins\mcufinder\reactClient1\index.html
2024-12-03 20:12:22,202 [WARN] PackLoader:240 - Cannot read IP mode file for STMicroelectronics.X-CUBE-MEMS1.11.0.0
2024-12-03 20:12:22,333 [INFO] UserAuth:417 - Internet connection configuration mode: 1
2024-12-03 20:12:22,508 [WARN] PackLoader:240 - Cannot read IP mode file for STMicroelectronics.FP-SNS-FLIGHT1.5.0.2
2024-12-03 20:12:22,524 [WARN] PackLoader:240 - Cannot read IP mode file for STMicroelectronics.X-CUBE-DISPLAY.3.0.0
2024-12-03 20:12:22,538 [WARN] PackLoader:240 - Cannot read IP mode file for STMicroelectronics.X-CUBE-BLE1.7.0.0
2024-12-03 20:12:22,551 [WARN] PackLoader:240 - Cannot read IP mode file for STMicroelectronics.X-CUBE-NFC10.1.0.0
2024-12-03 20:12:22,566 [WARN] PackLoader:240 - Cannot read IP mode file for emotas.I-CUBE-CANOPEN.1.3.0
2024-12-03 20:12:22,603 [WARN] PackLoader:240 - Cannot read IP mode file for STMicroelectronics.X-CUBE-BLEMGR.3.1.0
2024-12-03 20:12:22,620 [WARN] PackLoader:240 - Cannot read IP mode file for STMicroelectronics.FP-SNS-SMARTAG2.1.2.0
2024-12-03 20:12:22,638 [INFO] LogOutputStream:77 - [STDOUT_REDIRECT] 1 : Invalid condition id : UX_CORESTACK_Condition cause : null
2024-12-03 20:12:22,639 [INFO] LogOutputStream:77 - [STDOUT_REDIRECT] 1 : Invalid condition id : UX_CORESTACK_Condition cause : null
2024-12-03 20:12:22,642 [INFO] LogOutputStream:77 - [STDOUT_REDIRECT] 1 : Invalid condition id : UX_CORESTACK_Condition cause : null
2024-12-03 20:12:22,644 [INFO] LogOutputStream:77 - [STDOUT_REDIRECT] 1 : Invalid condition id : UX_CORESTACK_Condition cause : null
2024-12-03 20:12:22,647 [INFO] LogOutputStream:77 - [STDOUT_REDIRECT] 1 : Invalid condition id : UX_CORESTACK_Condition cause : null
2024-12-03 20:12:22,656 [WARN] PackLoader:240 - Cannot read IP mode file for STMicroelectronics.X-CUBE-AZRTOS-WL.2.0.0
2024-12-03 20:12:22,667 [WARN] PackLoader:240 - Cannot read IP mode file for STMicroelectronics.FP-SNS-MOTENV1.5.0.0
2024-12-03 20:12:22,677 [WARN] PackLoader:240 - Cannot read IP mode file for wolfSSL.I-CUBE-wolfMQTT.1.19.0
2024-12-03 20:12:22,690 [WARN] PackLoader:240 - Cannot read IP mode file for WES.I-CUBE-Cesium.1.3.0
2024-12-03 20:12:22,700 [WARN] PackLoader:240 - Cannot read IP mode file for STMicroelectronics.X-CUBE-BLE2.3.3.0
2024-12-03 20:12:22,713 [WARN] PackLoader:240 - Cannot read IP mode file for STMicroelectronics.X-CUBE-NFC9.1.0.0
2024-12-03 20:12:22,726 [WARN] PackLoader:240 - Cannot read IP mode file for STMicroelectronics.X-CUBE-TCPP.4.1.0
2024-12-03 20:12:22,742 [INFO] WebApp:186 - Connection restablished
2024-12-03 20:12:22,756 [WARN] PackLoader:240 - Cannot read IP mode file for STMicroelectronics.X-CUBE-AZRTOS-G0.1.1.0
2024-12-03 20:12:22,771 [WARN] PackLoader:240 - Cannot read IP mode file for STMicroelectronics.X-CUBE-SAFEA1.1.2.2
2024-12-03 20:12:22,781 [WARN] PackLoader:240 - Cannot read IP mode file for STMicroelectronics.X-CUBE-NFC4.3.0.0
2024-12-03 20:12:22,800 [WARN] PackLoader:240 - Cannot read IP mode file for EmbeddedOffice.I-CUBE-FS-RTOS.1.0.1
2024-12-03 20:12:22,800 [ERROR] ConditionMgr:805 - Attr not supported : Dmpu
2024-12-03 20:12:22,800 [ERROR] ConditionMgr:805 - Attr not supported : Dmpu
2024-12-03 20:12:22,801 [ERROR] ConditionMgr:805 - Attr not supported : Dmpu
2024-12-03 20:12:22,801 [ERROR] ConditionMgr:805 - Attr not supported : Dmpu
2024-12-03 20:12:22,801 [ERROR] ConditionMgr:805 - Attr not supported : Dmpu
2024-12-03 20:12:22,801 [ERROR] ConditionMgr:805 - Attr not supported : Dmpu
2024-12-03 20:12:22,801 [ERROR] ConditionMgr:805 - Attr not supported : Dmpu
2024-12-03 20:12:22,801 [ERROR] ConditionMgr:805 - Attr not supported : Dmpu
2024-12-03 20:12:22,802 [ERROR] ConditionMgr:805 - Attr not supported : Dmpu
2024-12-03 20:12:22,802 [ERROR] ConditionMgr:805 - Attr not supported : Dmpu
2024-12-03 20:12:22,802 [ERROR] ConditionMgr:805 - Attr not supported : Dmpu
2024-12-03 20:12:22,802 [ERROR] ConditionMgr:805 - Attr not supported : Dmpu
2024-12-03 20:12:22,802 [ERROR] ConditionMgr:805 - Attr not supported : Dmpu
2024-12-03 20:12:22,802 [ERROR] ConditionMgr:805 - Attr not supported : Dmpu
2024-12-03 20:12:22,803 [ERROR] ConditionMgr:805 - Attr not supported : Dmpu
2024-12-03 20:12:22,803 [ERROR] ConditionMgr:805 - Attr not supported : Dmpu
2024-12-03 20:12:22,803 [ERROR] ConditionMgr:805 - Attr not supported : Dmpu
2024-12-03 20:12:22,803 [ERROR] ConditionMgr:805 - Attr not supported : Dmpu
2024-12-03 20:12:22,803 [ERROR] ConditionMgr:805 - Attr not supported : Dmpu
2024-12-03 20:12:22,803 [ERROR] ConditionMgr:805 - Attr not supported : Dmpu
2024-12-03 20:12:22,803 [ERROR] ConditionMgr:805 - Attr not supported : Dmpu
2024-12-03 20:12:22,804 [ERROR] ConditionMgr:805 - Attr not supported : Dmpu
2024-12-03 20:12:22,804 [ERROR] ConditionMgr:805 - Attr not supported : Dmpu
2024-12-03 20:12:22,804 [ERROR] ConditionMgr:805 - Attr not supported : Dmpu
2024-12-03 20:12:22,804 [ERROR] ConditionMgr:805 - Attr not supported : Dmpu
2024-12-03 20:12:22,804 [ERROR] ConditionMgr:805 - Attr not supported : Dmpu
2024-12-03 20:12:22,804 [ERROR] ConditionMgr:805 - Attr not supported : Dmpu
2024-12-03 20:12:22,805 [ERROR] ConditionMgr:805 - Attr not supported : Dmpu
2024-12-03 20:12:22,805 [ERROR] ConditionMgr:805 - Attr not supported : Dmpu
2024-12-03 20:12:22,805 [ERROR] ConditionMgr:805 - Attr not supported : Dmpu
2024-12-03 20:12:22,805 [ERROR] ConditionMgr:805 - Attr not supported : Dmpu
2024-12-03 20:12:22,805 [ERROR] ConditionMgr:805 - Attr not supported : Dmpu
2024-12-03 20:12:22,805 [ERROR] ConditionMgr:805 - Attr not supported : Dmpu
2024-12-03 20:12:22,806 [ERROR] ConditionMgr:805 - Attr not supported : Dmpu
2024-12-03 20:12:22,806 [ERROR] ConditionMgr:805 - Attr not supported : Dmpu
2024-12-03 20:12:22,806 [ERROR] ConditionMgr:805 - Attr not supported : Dmpu
2024-12-03 20:12:22,806 [ERROR] ConditionMgr:805 - Attr not supported : Dmpu
2024-12-03 20:12:22,806 [ERROR] ConditionMgr:805 - Attr not supported : Dmpu
2024-12-03 20:12:22,806 [ERROR] ConditionMgr:805 - Attr not supported : Dmpu
2024-12-03 20:12:22,806 [ERROR] ConditionMgr:805 - Attr not supported : Dmpu
2024-12-03 20:12:22,806 [ERROR] ConditionMgr:805 - Attr not supported : Dmpu
2024-12-03 20:12:22,807 [ERROR] ConditionMgr:805 - Attr not supported : Dmpu
2024-12-03 20:12:22,807 [ERROR] ConditionMgr:805 - Attr not supported : Dmpu
2024-12-03 20:12:22,807 [ERROR] ConditionMgr:805 - Attr not supported : Dmpu
2024-12-03 20:12:22,807 [ERROR] ConditionMgr:805 - Attr not supported : Dmpu
2024-12-03 20:12:22,807 [ERROR] ConditionMgr:805 - Attr not supported : Dmpu
2024-12-03 20:12:22,807 [ERROR] ConditionMgr:805 - Attr not supported : Dmpu
2024-12-03 20:12:22,807 [ERROR] ConditionMgr:805 - Attr not supported : Dmpu
2024-12-03 20:12:22,807 [ERROR] ConditionMgr:805 - Attr not supported : Dmpu
2024-12-03 20:12:22,807 [ERROR] ConditionMgr:805 - Attr not supported : Dmpu
2024-12-03 20:12:22,807 [ERROR] ConditionMgr:805 - Attr not supported : Dmpu
2024-12-03 20:12:22,808 [ERROR] ConditionMgr:805 - Attr not supported : Dmpu
2024-12-03 20:12:22,808 [ERROR] ConditionMgr:805 - Attr not supported : Dmpu
2024-12-03 20:12:22,808 [ERROR] ConditionMgr:805 - Attr not supported : Dmpu
2024-12-03 20:12:22,808 [ERROR] ConditionMgr:805 - Attr not supported : Dmpu
2024-12-03 20:12:22,808 [ERROR] ConditionMgr:805 - Attr not supported : Dmpu
2024-12-03 20:12:22,808 [ERROR] ConditionMgr:805 - Attr not supported : Dmpu
2024-12-03 20:12:22,809 [ERROR] ConditionMgr:805 - Attr not supported : Dmpu
2024-12-03 20:12:22,809 [ERROR] ConditionMgr:805 - Attr not supported : Dmpu
2024-12-03 20:12:22,809 [ERROR] ConditionMgr:805 - Attr not supported : Dmpu
2024-12-03 20:12:22,809 [ERROR] ConditionMgr:805 - Attr not supported : Dmpu
2024-12-03 20:12:22,809 [ERROR] ConditionMgr:805 - Attr not supported : Dmpu
2024-12-03 20:12:22,809 [ERROR] ConditionMgr:805 - Attr not supported : Dmpu
2024-12-03 20:12:22,809 [ERROR] ConditionMgr:805 - Attr not supported : Dmpu
2024-12-03 20:12:22,818 [WARN] PackLoader:240 - Cannot read IP mode file for RealThread.X-CUBE-RT-Thread_Nano.4.1.1
2024-12-03 20:12:22,825 [WARN] PackLoader:240 - Cannot read IP mode file for STMicroelectronics.FP-ATR-SIGFOX1.3.2.0
2024-12-03 20:12:22,833 [WARN] ConditionMgr:438 - getConditionDescription Invalid condition id : Cortex-A Device cause : null
2024-12-03 20:12:22,856 [WARN] ConditionMgr:1039 - genDependencies : Invalid condition id : Cortex-A Device cause : null
2024-12-03 20:12:22,856 [WARN] ConditionMgr:1039 - genDependencies : Invalid condition id : Cortex-A Device cause : null
2024-12-03 20:12:22,856 [WARN] ConditionMgr:1039 - genDependencies : Invalid condition id : Cortex-A Device cause : null
2024-12-03 20:12:22,867 [WARN] PackLoader:240 - Cannot read IP mode file for STMicroelectronics.X-CUBE-EEPRMA1.5.1.0
2024-12-03 20:12:22,887 [WARN] PackLoader:240 - Cannot read IP mode file for wolfSSL.I-CUBE-wolfSSL.5.7.4
2024-12-03 20:12:22,897 [WARN] PackLoader:240 - Cannot read IP mode file for ITTIA_DB.I-CUBE-ITTIADB.8.9.0
2024-12-03 20:12:22,991 [WARN] PackLoader:240 - Cannot read IP mode file for SEGGER.I-CUBE-embOS.1.3.1
2024-12-03 20:12:23,070 [WARN] PackLoader:240 - Cannot read IP mode file for STMicroelectronics.X-CUBE-ALGOBUILD.1.4.0
2024-12-03 20:12:23,078 [WARN] PackLoader:240 - Cannot read IP mode file for STMicroelectronics.X-CUBE-AI.9.1.0
2024-12-03 20:12:23,106 [WARN] PackLoader:240 - Cannot read IP mode file for STMicroelectronics.X-CUBE-AZRTOS-F4.1.1.0
2024-12-03 20:12:23,119 [WARN] PackLoader:240 - Cannot read IP mode file for STMicroelectronics.X-CUBE-ISPU.2.1.0
2024-12-03 20:12:23,129 [WARN] PackLoader:240 - Cannot read IP mode file for STMicroelectronics.X-CUBE-FREERTOS.1.2.0
2024-12-03 20:12:23,159 [WARN] PackLoader:240 - Cannot read IP mode file for STMicroelectronics.X-CUBE-AZRTOS-L5.2.0.0
2024-12-03 20:12:23,177 [WARN] PackLoader:240 - Cannot read IP mode file for STMicroelectronics.X-CUBE-NFC6.3.1.0
2024-12-03 20:12:23,190 [WARN] PackLoader:240 - Cannot read IP mode file for STMicroelectronics.X-CUBE-DPower.1.2.0
2024-12-03 20:12:23,200 [WARN] PackLoader:240 - Cannot read IP mode file for STMicroelectronics.X-CUBE-NFC7.1.0.1
2024-12-03 20:12:23,234 [WARN] ConditionMgr:438 - getConditionDescription Invalid condition id : LAN8742 Phy interface Condition cause : null
2024-12-03 20:12:23,235 [WARN] PackLoader:240 - Cannot read IP mode file for STMicroelectronics.X-CUBE-AZRTOS-L4.2.0.0
2024-12-03 20:12:23,238 [WARN] ConditionMgr:1039 - genDependencies : Invalid condition id : LAN8742 Phy interface Condition cause : null
2024-12-03 20:12:23,238 [WARN] ConditionMgr:1039 - genDependencies : Invalid condition id : LAN8742 Phy interface Condition cause : null
2024-12-03 20:12:23,239 [WARN] ConditionMgr:1039 - genDependencies : Invalid condition id : LAN8742 Phy interface Condition cause : null
2024-12-03 20:12:23,252 [WARN] PackLoader:240 - Cannot read IP mode file for STMicroelectronics.X-CUBE-SFXS2LP1.4.0.0
2024-12-03 20:12:23,297 [WARN] PackLoader:240 - Cannot read IP mode file for STMicroelectronics.X-CUBE-AZRTOS-H7.3.3.0
2024-12-03 20:12:23,321 [WARN] PackLoader:240 - Cannot read IP mode file for STMicroelectronics.X-CUBE-IPS.3.0.0
2024-12-03 20:12:23,351 [WARN] ConditionMgr:438 - getConditionDescription Invalid condition id : UX DEVICE CLASS RTOS Condition cause : null
2024-12-03 20:12:23,351 [WARN] ConditionMgr:438 - getConditionDescription Invalid condition id : UX DEVICE CLASS RTOS Condition cause : null
2024-12-03 20:12:23,355 [WARN] PackLoader:240 - Cannot read IP mode file for STMicroelectronics.X-CUBE-AZRTOS-WB.2.0.0
2024-12-03 20:12:23,356 [WARN] ConditionMgr:1039 - genDependencies : Invalid condition id : UX DEVICE CLASS RTOS Condition cause : null
2024-12-03 20:12:23,357 [WARN] ConditionMgr:1039 - genDependencies : Invalid condition id : UX DEVICE CLASS RTOS Condition cause : null
2024-12-03 20:12:23,358 [WARN] ConditionMgr:1039 - genDependencies : Invalid condition id : UX DEVICE CLASS RTOS Condition cause : null
2024-12-03 20:12:23,359 [WARN] ConditionMgr:1039 - genDependencies : Invalid condition id : UX DEVICE CLASS RTOS Condition cause : null
2024-12-03 20:12:23,359 [WARN] ConditionMgr:1039 - genDependencies : Invalid condition id : UX DEVICE CLASS RTOS Condition cause : null
2024-12-03 20:12:23,370 [WARN] PackLoader:240 - Cannot read IP mode file for STMicroelectronics.X-CUBE-GNSS1.7.0.0
2024-12-03 20:12:23,383 [WARN] PackLoader:240 - Cannot read IP mode file for STMicroelectronics.FP-SNS-STBOX1.2.0.0
2024-12-03 20:12:23,400 [WARN] PackLoader:240 - Cannot read IP mode file for STMicroelectronics.X-CUBE-SUBG2.5.0.0
2024-12-03 20:12:23,413 [WARN] PackLoader:240 - Cannot read IP mode file for Cesanta.I-CUBE-Mongoose.7.13.0
2024-12-03 20:12:23,438 [WARN] PackLoader:240 - Cannot read IP mode file for STMicroelectronics.X-CUBE-AZRTOS-G4.2.0.0
2024-12-03 20:12:23,449 [WARN] PackLoader:240 - Cannot read IP mode file for STMicroelectronics.X-CUBE-ALS.1.0.2
2024-12-03 20:12:23,458 [WARN] PackLoader:240 - Cannot read IP mode file for STMicroelectronics.X-CUBE-TOUCHGFX.4.24.1
2024-12-03 20:12:23,465 [WARN] PackLoader:240 - Cannot read IP mode file for wolfSSL.I-CUBE-wolfTPM.3.4.0
2024-12-03 20:12:23,474 [WARN] PackLoader:240 - Cannot read IP mode file for portGmbH.I-Cube-SoM-uGOAL.1.1.0
2024-12-03 20:12:23,502 [WARN] PackLoader:240 - Cannot read IP mode file for STMicroelectronics.X-CUBE-AZRTOS-H7RS.1.0.0
2024-12-03 20:12:23,529 [WARN] PackLoader:240 - Cannot read IP mode file for STMicroelectronics.X-CUBE-TOF1.3.4.2
2024-12-03 20:12:23,580 [WARN] PackLoader:240 - Cannot read IP mode file for Infineon.AIROC-Wi-Fi-Bluetooth-STM32.1.6.1
2024-12-03 20:12:23,591 [WARN] PackLoader:240 - Cannot read IP mode file for wolfSSL.I-CUBE-wolfSSH.1.4.17
2024-12-03 20:12:23,592 [INFO] ThirdParty:978 - Integrity check success = true
2024-12-03 20:12:23,592 [INFO] IntegrityCheckThread:100 - exiting critical section [integrity check]
2024-12-03 20:12:23,592 [INFO] IntegrityCheckThread:103 - End integrity checks thread
2024-12-03 20:12:50,290 [ERROR] LogOutputStream:75 - [STDERR_REDIRECT] 
