2024-12-08 10:29:20,155 [INFO] Activator:176 - 


2024-12-08 10:29:20,156 [INFO] Activator:177 - !SESSION log4j initialized
2024-12-08 10:29:22,375 [INFO] LogOutputStream:77 - [STDOUT_REDIRECT] 
2024-12-08 10:29:23,990 [INFO] ApplicationProperties:184 - Using Application install path: C:\ST\STM32CubeIDE_1.16.1\STM32CubeIDE\plugins\com.st.stm32cube.common.mx_6.12.1.202409122256
2024-12-08 10:29:24,002 [INFO] DbMcusXml:78 - Set database path to: C:\ST\STM32CubeIDE_1.16.1\STM32CubeIDE\plugins\com.st.stm32cube.common.mx_6.12.1.202409122256\\db\/mcu/
2024-12-08 10:29:24,002 [INFO] ApiDb:274 - Set plugin database path to: C:\ST\STM32CubeIDE_1.16.1\STM32CubeIDE\plugins\com.st.stm32cube.common.mx_6.12.1.202409122256\\db\/plugins/boardmanager/
2024-12-08 10:29:24,002 [WARN] ApiDb:259 - Overriding images path with different value:  => C:\ST\STM32CubeIDE_1.16.1\STM32CubeIDE\plugins\com.st.stm32cube.common.mx_6.12.1.202409122256\\db\/plugins/mcufinder/images/
2024-12-08 10:29:24,012 [INFO] ApiDb:250 - Set database path to: C:\Users\frado\.stmcufinder\plugins\mcufinder//mcu/
2024-12-08 10:29:24,013 [INFO] DbMcusAds:125 - Set database path to: C:\Users\frado\.stmcufinder\plugins\mcufinder//mcu/
2024-12-08 10:29:24,015 [INFO] CrossReferenceDbSqlite:203 - Set database path to: C:\Users\frado\.stmcufinder\plugins\mcufinder//mcu/cs/
2024-12-08 10:29:24,093 [INFO] RulesReader:64 - Compatibility file has been processed (297 Rules)
2024-12-08 10:29:24,145 [INFO] DbMcusXml:78 - Set database path to: C:\ST\STM32CubeIDE_1.16.1\STM32CubeIDE\plugins\com.st.stm32cube.common.mx_6.12.1.202409122256\\db\/mcu/
2024-12-08 10:29:24,145 [INFO] ApiDb:274 - Set plugin database path to: C:\ST\STM32CubeIDE_1.16.1\STM32CubeIDE\plugins\com.st.stm32cube.common.mx_6.12.1.202409122256\\db\/plugins/boardmanager/
2024-12-08 10:29:24,145 [INFO] ApiDb:261 - Set plugin images path to: C:\ST\STM32CubeIDE_1.16.1\STM32CubeIDE\plugins\com.st.stm32cube.common.mx_6.12.1.202409122256\\db\/plugins/mcufinder/images/
2024-12-08 10:29:24,145 [WARN] DbFile:41 - Overriding database path with different value: C:\Users\frado\.stmcufinder\plugins\mcufinder/ => C:\Users\frado\.stmcufinder\plugins\mcufinder
2024-12-08 10:29:24,145 [INFO] ApiDb:250 - Set database path to: C:\Users\frado\.stmcufinder\plugins\mcufinder//mcu/
2024-12-08 10:29:24,145 [WARN] DbFile:41 - Overriding database path with different value: C:\Users\frado\.stmcufinder\plugins\mcufinder/ => C:\Users\frado\.stmcufinder\plugins\mcufinder
2024-12-08 10:29:24,145 [INFO] DbMcusAds:125 - Set database path to: C:\Users\frado\.stmcufinder\plugins\mcufinder//mcu/
2024-12-08 10:29:24,145 [WARN] DbFile:41 - Overriding database path with different value: C:\Users\frado\.stmcufinder\plugins\mcufinder/ => C:\Users\frado\.stmcufinder\plugins\mcufinder
2024-12-08 10:29:24,146 [WARN] DbFile:41 - Overriding database path with different value: C:\Users\frado\.stmcufinder\plugins\mcufinder/ => C:\Users\frado\.stmcufinder\plugins\mcufinder
2024-12-08 10:29:24,146 [INFO] CrossReferenceDbSqlite:203 - Set database path to: C:\Users\frado\.stmcufinder\plugins\mcufinder//mcu/cs/
2024-12-08 10:29:24,203 [INFO] MainPanel:268 - HeapMemory: 268435456
2024-12-08 10:29:24,261 [INFO] DbMcusXml:78 - Set database path to: C:\ST\STM32CubeIDE_1.16.1\STM32CubeIDE\plugins\com.st.stm32cube.common.mx_6.12.1.202409122256\\db\/mcu/
2024-12-08 10:29:24,261 [INFO] ApiDb:274 - Set plugin database path to: C:\ST\STM32CubeIDE_1.16.1\STM32CubeIDE\plugins\com.st.stm32cube.common.mx_6.12.1.202409122256\\db\/plugins/boardmanager/
2024-12-08 10:29:24,261 [INFO] ApiDb:261 - Set plugin images path to: C:\ST\STM32CubeIDE_1.16.1\STM32CubeIDE\plugins\com.st.stm32cube.common.mx_6.12.1.202409122256\\db\/plugins/mcufinder/images/
2024-12-08 10:29:24,262 [WARN] DbFile:41 - Overriding database path with different value: C:\Users\frado\.stmcufinder\plugins\mcufinder/ => C:\Users\frado\.stmcufinder\plugins\mcufinder
2024-12-08 10:29:24,262 [INFO] ApiDb:250 - Set database path to: C:\Users\frado\.stmcufinder\plugins\mcufinder//mcu/
2024-12-08 10:29:24,262 [WARN] DbFile:41 - Overriding database path with different value: C:\Users\frado\.stmcufinder\plugins\mcufinder/ => C:\Users\frado\.stmcufinder\plugins\mcufinder
2024-12-08 10:29:24,262 [INFO] DbMcusAds:125 - Set database path to: C:\Users\frado\.stmcufinder\plugins\mcufinder//mcu/
2024-12-08 10:29:24,262 [WARN] DbFile:41 - Overriding database path with different value: C:\Users\frado\.stmcufinder\plugins\mcufinder/ => C:\Users\frado\.stmcufinder\plugins\mcufinder
2024-12-08 10:29:24,262 [WARN] DbFile:41 - Overriding database path with different value: C:\Users\frado\.stmcufinder\plugins\mcufinder/ => C:\Users\frado\.stmcufinder\plugins\mcufinder
2024-12-08 10:29:24,262 [INFO] CrossReferenceDbSqlite:203 - Set database path to: C:\Users\frado\.stmcufinder\plugins\mcufinder//mcu/cs/
2024-12-08 10:29:24,277 [INFO] ApplicationProperties:184 - Using Application install path: C:\ST\STM32CubeIDE_1.16.1\STM32CubeIDE\plugins\com.st.stm32cube.common.mx_6.12.1.202409122256
2024-12-08 10:29:24,278 [INFO] PluginManage:196 - Search for loadable plugins [exclusion list=, ]
2024-12-08 10:29:24,279 [INFO] PluginManage:310 - Check plugin analytics
2024-12-08 10:29:24,424 [INFO] AnalyticsPlugin:253 - Accepted Software Licenses: STM32CubeMX.6.12.1
2024-12-08 10:29:24,424 [INFO] AnalyticsPlugin:255 - Accepted CMSIS Pack Licenses: 
2024-12-08 10:29:24,424 [INFO] AnalyticsPlugin:257 - Accepted Firmware Licenses: FW.F4.1.28.0,FW.L4.1.18.0,FW.H7.1.11.0
2024-12-08 10:29:24,426 [INFO] PluginManage:359 - Loaded plugin analytics (category:tool,tabindex:-1)
2024-12-08 10:29:24,427 [INFO] PluginManage:310 - Check plugin cadmodel
2024-12-08 10:29:24,443 [INFO] CADModel:105 - Init CAD model plugin
2024-12-08 10:29:24,443 [INFO] PluginManage:359 - Loaded plugin cadmodel (category:power,tabindex:5)
2024-12-08 10:29:24,444 [INFO] PluginManage:310 - Check plugin clock
2024-12-08 10:29:24,462 [INFO] PluginManage:359 - Loaded plugin clock (category:base,tabindex:2)
2024-12-08 10:29:24,463 [INFO] PluginManage:310 - Check plugin ddr
2024-12-08 10:29:24,464 [INFO] PluginManage:359 - Loaded plugin ddr (category:tool,tabindex:6)
2024-12-08 10:29:24,464 [INFO] PluginManage:310 - Check plugin filemanager
2024-12-08 10:29:24,584 [INFO] PluginManage:359 - Loaded plugin filemanager (category:base,tabindex:10)
2024-12-08 10:29:24,584 [INFO] PluginManage:310 - Check plugin ipmanager
2024-12-08 10:29:24,590 [INFO] PluginManage:359 - Loaded plugin ipmanager (category:base,tabindex:5)
2024-12-08 10:29:24,590 [INFO] PluginManage:310 - Check plugin lpbam
2024-12-08 10:29:24,607 [INFO] PluginManage:359 - Loaded plugin lpbam (category:base,tabindex:0)
2024-12-08 10:29:24,607 [INFO] PluginManage:310 - Check plugin memorymap
2024-12-08 10:29:24,627 [INFO] PluginManage:359 - Loaded plugin memorymap (category:base,tabindex:4)
2024-12-08 10:29:24,627 [INFO] PluginManage:310 - Check plugin pinoutandconfiguration
2024-12-08 10:29:24,644 [INFO] PluginManage:359 - Loaded plugin pinoutandconfiguration (category:base,tabindex:1)
2024-12-08 10:29:24,644 [INFO] PluginManage:310 - Check plugin pinoutconfig
2024-12-08 10:29:24,719 [WARN] SupportedApi:132 - Cannot load RTOS API schema: s4s-elt-must-match.1: The content of 'definitions' must match (annotation?, (simpleType | complexType)?, (unique | key | keyref)*)). A problem was found starting at: attribute.
2024-12-08 10:29:24,805 [INFO] PluginManage:359 - Loaded plugin pinoutconfig (category:base,tabindex:0)
2024-12-08 10:29:24,805 [INFO] PluginManage:310 - Check plugin power
2024-12-08 10:29:24,823 [INFO] PluginManage:359 - Loaded plugin power (category:power,tabindex:4)
2024-12-08 10:29:24,823 [INFO] PluginManage:310 - Check plugin projectmanager
2024-12-08 10:29:24,834 [INFO] PluginManage:359 - Loaded plugin projectmanager (category:projectmanager,tabindex:4)
2024-12-08 10:29:24,835 [INFO] PluginManage:310 - Check plugin rif
2024-12-08 10:29:24,849 [INFO] PluginManage:359 - Loaded plugin rif (category:base,tabindex:3)
2024-12-08 10:29:24,849 [INFO] PluginManage:310 - Check plugin thirdparty
2024-12-08 10:29:25,113 [INFO] PluginManage:359 - Loaded plugin thirdparty (category:base,tabindex:-1)
2024-12-08 10:29:25,113 [INFO] PluginManage:310 - Check plugin tools
2024-12-08 10:29:25,113 [WARN] IntegrityCheckThread:84 - waiting for thirdparty lock release [integrity check]
2024-12-08 10:29:25,113 [INFO] IntegrityCheckThread:86 - entering critical section [integrity check]
2024-12-08 10:29:25,114 [INFO] ThirdPartyUpdaterWithRetryManager:70 - Updater plugin not ready yet. [1/15]
2024-12-08 10:29:25,145 [INFO] PluginManage:359 - Loaded plugin tools (category:base,tabindex:7)
2024-12-08 10:29:25,145 [INFO] PluginManage:310 - Check plugin tutovideos
2024-12-08 10:29:25,276 [INFO] PluginManage:359 - Loaded plugin tutovideos (category:base,tabindex:-1)
2024-12-08 10:29:25,276 [INFO] PluginManage:310 - Check plugin updater
2024-12-08 10:29:25,288 [INFO] PluginManage:359 - Loaded plugin updater (category:base,tabindex:12)
2024-12-08 10:29:25,288 [INFO] PluginManage:310 - Check plugin userauth
2024-12-08 10:29:25,292 [INFO] UserAuth:113 - Init User Auth plugin
2024-12-08 10:29:25,293 [INFO] PluginManage:359 - Loaded plugin userauth (category:base,tabindex:14)
2024-12-08 10:29:25,293 [INFO] PluginManage:283 - PluginManage : Loaded plugins [18]
2024-12-08 10:29:25,428 [INFO] PinOutPanel:1561 - setPackage(No Configuration,No Configuration)
2024-12-08 10:29:25,490 [INFO] CADModel:165 - CPN selected for project level
2024-12-08 10:29:25,490 [INFO] CADModel:114 - Register for checkConnection events
2024-12-08 10:29:25,513 [INFO] IPUIPlugin:80 - create IPUIPlugin
2024-12-08 10:29:25,513 [INFO] PluginManager:220 - loadIPPluginJar : add adc
2024-12-08 10:29:25,543 [INFO] IPUIPlugin:80 - create IPUIPlugin
2024-12-08 10:29:25,543 [INFO] PluginManager:220 - loadIPPluginJar : add aes
2024-12-08 10:29:25,575 [INFO] IPUIPlugin:80 - create IPUIPlugin
2024-12-08 10:29:25,575 [INFO] PluginManager:220 - loadIPPluginJar : add can
2024-12-08 10:29:25,596 [INFO] IPUIPlugin:80 - create IPUIPlugin
2024-12-08 10:29:25,596 [INFO] PluginManager:220 - loadIPPluginJar : add comp
2024-12-08 10:29:25,622 [INFO] IPUIPlugin:80 - create IPUIPlugin
2024-12-08 10:29:25,622 [INFO] PluginManager:220 - loadIPPluginJar : add cryp
2024-12-08 10:29:25,632 [INFO] IPUIPlugin:80 - create IPUIPlugin
2024-12-08 10:29:25,632 [INFO] PluginManager:220 - loadIPPluginJar : add ddr_ctrl_phy
2024-12-08 10:29:25,656 [INFO] IPUIPlugin:80 - create IPUIPlugin
2024-12-08 10:29:25,657 [INFO] PluginManager:220 - loadIPPluginJar : add dfsdm
2024-12-08 10:29:25,669 [INFO] IPUIPlugin:80 - create IPUIPlugin
2024-12-08 10:29:25,669 [INFO] PluginManager:220 - loadIPPluginJar : add dma
2024-12-08 10:29:25,708 [INFO] IPUIPlugin:80 - create IPUIPlugin
2024-12-08 10:29:25,708 [INFO] PluginManager:220 - loadIPPluginJar : add dma3
2024-12-08 10:29:25,746 [INFO] IPUIPlugin:80 - create IPUIPlugin
2024-12-08 10:29:25,746 [INFO] PluginManager:220 - loadIPPluginJar : add extmemmanager
2024-12-08 10:29:25,764 [INFO] IPUIPlugin:80 - create IPUIPlugin
2024-12-08 10:29:25,764 [INFO] PluginManager:220 - loadIPPluginJar : add fatfs
2024-12-08 10:29:25,803 [INFO] IPUIPlugin:80 - create IPUIPlugin
2024-12-08 10:29:25,803 [INFO] PluginManager:220 - loadIPPluginJar : add fmc
2024-12-08 10:29:25,817 [INFO] IPUIPlugin:80 - create IPUIPlugin
2024-12-08 10:29:25,817 [INFO] PluginManager:220 - loadIPPluginJar : add freertos
2024-12-08 10:29:25,839 [INFO] IPUIPlugin:80 - create IPUIPlugin
2024-12-08 10:29:25,839 [INFO] PluginManager:220 - loadIPPluginJar : add genericplugin
2024-12-08 10:29:25,906 [INFO] IPUIPlugin:80 - create IPUIPlugin
2024-12-08 10:29:25,906 [INFO] PluginManager:220 - loadIPPluginJar : add gfxmmu
2024-12-08 10:29:26,001 [INFO] IPUIPlugin:80 - create IPUIPlugin
2024-12-08 10:29:26,001 [INFO] PluginManager:220 - loadIPPluginJar : add gic
2024-12-08 10:29:26,013 [INFO] IPUIPlugin:80 - create IPUIPlugin
2024-12-08 10:29:26,013 [INFO] PluginManager:220 - loadIPPluginJar : add gpio
2024-12-08 10:29:26,090 [INFO] IPUIPlugin:80 - create IPUIPlugin
2024-12-08 10:29:26,090 [INFO] PluginManager:220 - loadIPPluginJar : add gtzc
2024-12-08 10:29:26,115 [INFO] IPUIPlugin:80 - create IPUIPlugin
2024-12-08 10:29:26,116 [INFO] PluginManager:220 - loadIPPluginJar : add hash
2024-12-08 10:29:26,155 [INFO] IPUIPlugin:80 - create IPUIPlugin
2024-12-08 10:29:26,155 [INFO] PluginManager:220 - loadIPPluginJar : add i2c
2024-12-08 10:29:26,207 [INFO] IPUIPlugin:80 - create IPUIPlugin
2024-12-08 10:29:26,207 [INFO] PluginManager:220 - loadIPPluginJar : add i2s
2024-12-08 10:29:26,250 [INFO] IPUIPlugin:80 - create IPUIPlugin
2024-12-08 10:29:26,250 [INFO] PluginManager:220 - loadIPPluginJar : add i3c
2024-12-08 10:29:26,348 [INFO] IPUIPlugin:80 - create IPUIPlugin
2024-12-08 10:29:26,348 [INFO] PluginManager:220 - loadIPPluginJar : add ipddr
2024-12-08 10:29:26,426 [INFO] IPUIPlugin:80 - create IPUIPlugin
2024-12-08 10:29:26,426 [INFO] PluginManager:220 - loadIPPluginJar : add linkedlist
2024-12-08 10:29:26,458 [INFO] IPUIPlugin:80 - create IPUIPlugin
2024-12-08 10:29:26,459 [INFO] PluginManager:220 - loadIPPluginJar : add lorawan
2024-12-08 10:29:26,492 [INFO] IPUIPlugin:80 - create IPUIPlugin
2024-12-08 10:29:26,492 [INFO] PluginManager:220 - loadIPPluginJar : add ltdc
2024-12-08 10:29:26,505 [INFO] IPUIPlugin:80 - create IPUIPlugin
2024-12-08 10:29:26,505 [INFO] PluginManager:220 - loadIPPluginJar : add mdma
2024-12-08 10:29:26,518 [INFO] IPUIPlugin:80 - create IPUIPlugin
2024-12-08 10:29:26,518 [INFO] PluginManager:220 - loadIPPluginJar : add nvic
2024-12-08 10:29:26,554 [INFO] IPUIPlugin:80 - create IPUIPlugin
2024-12-08 10:29:26,554 [INFO] PluginManager:220 - loadIPPluginJar : add opamp
2024-12-08 10:29:26,611 [INFO] IPUIPlugin:80 - create IPUIPlugin
2024-12-08 10:29:26,611 [INFO] PluginManager:220 - loadIPPluginJar : add openamp
2024-12-08 10:29:26,649 [INFO] IPUIPlugin:80 - create IPUIPlugin
2024-12-08 10:29:26,649 [INFO] PluginManager:220 - loadIPPluginJar : add pdm2pcm
2024-12-08 10:29:26,663 [INFO] IPUIPlugin:80 - create IPUIPlugin
2024-12-08 10:29:26,665 [INFO] PluginManager:220 - loadIPPluginJar : add plateformsettings
2024-12-08 10:29:26,688 [INFO] IPUIPlugin:80 - create IPUIPlugin
2024-12-08 10:29:26,689 [INFO] PluginManager:220 - loadIPPluginJar : add quadspi
2024-12-08 10:29:26,712 [INFO] IPUIPlugin:80 - create IPUIPlugin
2024-12-08 10:29:26,713 [INFO] PluginManager:220 - loadIPPluginJar : add radio
2024-12-08 10:29:26,726 [INFO] IPUIPlugin:80 - create IPUIPlugin
2024-12-08 10:29:26,726 [INFO] PluginManager:220 - loadIPPluginJar : add resmgrutility
2024-12-08 10:29:26,770 [INFO] IPUIPlugin:80 - create IPUIPlugin
2024-12-08 10:29:26,771 [INFO] PluginManager:220 - loadIPPluginJar : add sai
2024-12-08 10:29:26,806 [INFO] IPUIPlugin:80 - create IPUIPlugin
2024-12-08 10:29:26,806 [INFO] PluginManager:220 - loadIPPluginJar : add spi
2024-12-08 10:29:26,872 [INFO] IPUIPlugin:80 - create IPUIPlugin
2024-12-08 10:29:26,872 [INFO] PluginManager:220 - loadIPPluginJar : add stm32_wpan
2024-12-08 10:29:26,896 [INFO] IPUIPlugin:80 - create IPUIPlugin
2024-12-08 10:29:26,896 [INFO] PluginManager:220 - loadIPPluginJar : add tim
2024-12-08 10:29:26,955 [INFO] IPUIPlugin:80 - create IPUIPlugin
2024-12-08 10:29:26,955 [INFO] PluginManager:220 - loadIPPluginJar : add touchsensing
2024-12-08 10:29:26,978 [INFO] IPUIPlugin:80 - create IPUIPlugin
2024-12-08 10:29:26,978 [INFO] PluginManager:220 - loadIPPluginJar : add tracer_emb
2024-12-08 10:29:27,003 [INFO] IPUIPlugin:80 - create IPUIPlugin
2024-12-08 10:29:27,003 [INFO] PluginManager:220 - loadIPPluginJar : add ts
2024-12-08 10:29:27,027 [INFO] IPUIPlugin:80 - create IPUIPlugin
2024-12-08 10:29:27,027 [INFO] PluginManager:220 - loadIPPluginJar : add tsc
2024-12-08 10:29:27,048 [INFO] IPUIPlugin:80 - create IPUIPlugin
2024-12-08 10:29:27,048 [INFO] PluginManager:220 - loadIPPluginJar : add ucpd
2024-12-08 10:29:27,089 [INFO] IPUIPlugin:80 - create IPUIPlugin
2024-12-08 10:29:27,089 [INFO] PluginManager:220 - loadIPPluginJar : add usart
2024-12-08 10:29:27,133 [INFO] IPUIPlugin:80 - create IPUIPlugin
2024-12-08 10:29:27,133 [INFO] PluginManager:220 - loadIPPluginJar : add usbx
2024-12-08 10:29:27,257 [INFO] CADModel:165 - CPN selected for project level
2024-12-08 10:29:27,258 [INFO] CADModel:114 - Register for checkConnection events
2024-12-08 10:29:27,258 [FATAL] Updater:334 - Updater called before beeing initialized
2024-12-08 10:29:27,258 [ERROR] CADModel:125 - Updater not yet initialized, retry later 
2024-12-08 10:29:27,351 [INFO] CADModel:165 - CPN selected for project level
2024-12-08 10:29:27,351 [INFO] CADModel:114 - Register for checkConnection events
2024-12-08 10:29:27,351 [FATAL] Updater:334 - Updater called before beeing initialized
2024-12-08 10:29:27,351 [ERROR] CADModel:125 - Updater not yet initialized, retry later 
2024-12-08 10:29:27,354 [FATAL] Updater:334 - Updater called before beeing initialized
2024-12-08 10:29:27,440 [FATAL] Updater:334 - Updater called before beeing initialized
2024-12-08 10:29:27,451 [INFO] DbMcusAds:53 - JSON generation date=Fri Sep 20 15:04:23 CEST 2024 (1726837463113)
2024-12-08 10:29:27,452 [FATAL] Updater:334 - Updater called before beeing initialized
2024-12-08 10:29:27,479 [WARN] DetailPanel:346 - Failed to get advertising image, set to default
2024-12-08 10:29:27,564 [FATAL] Updater:334 - Updater called before beeing initialized
2024-12-08 10:29:27,566 [FATAL] Updater:334 - Updater called before beeing initialized
2024-12-08 10:29:27,566 [FATAL] Updater:334 - Updater called before beeing initialized
2024-12-08 10:29:27,566 [WARN] DetailPanel:346 - Failed to get advertising image, set to default
2024-12-08 10:29:27,567 [FATAL] Updater:334 - Updater called before beeing initialized
2024-12-08 10:29:27,619 [ERROR] Updater:1164 - MainUpdater not yet initialized. External WinMGr cannot be set.
2024-12-08 10:29:27,630 [INFO] Updater:1100 - Updater Version found : 6.12.1
2024-12-08 10:29:27,646 [INFO] ApplicationProperties:184 - Using Application install path: C:\ST\STM32CubeIDE_1.16.1\STM32CubeIDE\plugins\com.st.stm32cube.common.mx_6.12.1.202409122256
2024-12-08 10:29:28,118 [INFO] ThirdPartyUpdaterWithRetryManager:70 - Updater plugin not ready yet. [2/15]
2024-12-08 10:29:29,227 [ERROR] LogOutputStream:75 - [STDERR_REDIRECT] Dec 08, 2024 10:29:29 AM java.util.prefs.WindowsPreferences <init>
2024-12-08 10:29:29,230 [ERROR] LogOutputStream:75 - [STDERR_REDIRECT] WARNING: Could not open/create prefs root node Software\JavaSoft\Prefs at root 0xffffffff80000002. Windows RegCreateKeyEx(...) returned error code 5.
2024-12-08 10:29:29,230 [ERROR] LogOutputStream:75 - [STDERR_REDIRECT] 
2024-12-08 10:29:29,475 [INFO] MainUpdater:2873 - connection check result : 10
2024-12-08 10:29:29,476 [INFO] MainUpdater:290 - Updater Check For Update Now.
2024-12-08 10:29:29,476 [INFO] MicroXplorer:498 - Change Database Version : DB.6.0.121
2024-12-08 10:29:29,494 [INFO] McuFinderGlobals:63 - Set McuFinder mode to 2 (CubeIDE integrated)
2024-12-08 10:29:29,502 [INFO] UserAuth:417 - Internet connection configuration mode: 1
2024-12-08 10:29:29,520 [INFO] JxBrowserEngine:152 - Initiate JxBrowser Engine with user profile folder
2024-12-08 10:29:29,708 [INFO] CheckServerUpdateThread:120 - End of CheckServer Thread
2024-12-08 10:29:31,266 [WARN] PackLoader:240 - Cannot read IP mode file for STMicroelectronics.FP-SNS-MOTENVWB1.1.4.0
2024-12-08 10:29:31,283 [WARN] PackLoader:240 - Cannot read IP mode file for STMicroelectronics.FP-ATR-ASTRA1.2.0.1
2024-12-08 10:29:31,325 [WARN] PackLoader:240 - Cannot read IP mode file for STMicroelectronics.X-CUBE-SMBUS.2.1.0
2024-12-08 10:29:31,341 [WARN] PackLoader:240 - Cannot read IP mode file for STMicroelectronics.X-CUBE-WB05N.1.1.0
2024-12-08 10:29:31,378 [WARN] PackLoader:240 - Cannot read IP mode file for STMicroelectronics.X-CUBE-AZRTOS-F7.1.1.0
2024-12-08 10:29:31,443 [WARN] PackLoader:240 - Cannot read IP mode file for STMicroelectronics.X-CUBE-MEMS1.11.0.0
2024-12-08 10:29:31,588 [WARN] PackLoader:240 - Cannot read IP mode file for STMicroelectronics.FP-SNS-FLIGHT1.5.0.2
2024-12-08 10:29:31,607 [WARN] PackLoader:240 - Cannot read IP mode file for STMicroelectronics.X-CUBE-DISPLAY.3.0.0
2024-12-08 10:29:31,626 [WARN] PackLoader:240 - Cannot read IP mode file for STMicroelectronics.X-CUBE-BLE1.7.0.0
2024-12-08 10:29:31,645 [WARN] PackLoader:240 - Cannot read IP mode file for STMicroelectronics.X-CUBE-NFC10.1.0.0
2024-12-08 10:29:31,666 [WARN] PackLoader:240 - Cannot read IP mode file for STMicroelectronics.X-CUBE-BLEMGR.4.0.0
2024-12-08 10:29:31,685 [WARN] PackLoader:240 - Cannot read IP mode file for emotas.I-CUBE-CANOPEN.1.3.0
2024-12-08 10:29:31,701 [WARN] PackLoader:240 - Cannot read IP mode file for STMicroelectronics.X-CUBE-BLEMGR.3.1.0
2024-12-08 10:29:31,718 [WARN] PackLoader:240 - Cannot read IP mode file for STMicroelectronics.FP-SNS-SMARTAG2.1.2.0
2024-12-08 10:29:31,740 [INFO] LogOutputStream:77 - [STDOUT_REDIRECT] 1 : Invalid condition id : UX_CORESTACK_Condition cause : null
2024-12-08 10:29:31,741 [INFO] LogOutputStream:77 - [STDOUT_REDIRECT] 1 : Invalid condition id : UX_CORESTACK_Condition cause : null
2024-12-08 10:29:31,742 [INFO] LogOutputStream:77 - [STDOUT_REDIRECT] 1 : Invalid condition id : UX_CORESTACK_Condition cause : null
2024-12-08 10:29:31,742 [INFO] LogOutputStream:77 - [STDOUT_REDIRECT] 1 : Invalid condition id : UX_CORESTACK_Condition cause : null
2024-12-08 10:29:31,743 [INFO] LogOutputStream:77 - [STDOUT_REDIRECT] 1 : Invalid condition id : UX_CORESTACK_Condition cause : null
2024-12-08 10:29:31,745 [WARN] PackLoader:240 - Cannot read IP mode file for STMicroelectronics.X-CUBE-AZRTOS-WL.2.0.0
2024-12-08 10:29:31,763 [WARN] PackLoader:240 - Cannot read IP mode file for STMicroelectronics.FP-SNS-MOTENV1.5.0.0
2024-12-08 10:29:31,775 [WARN] PackLoader:240 - Cannot read IP mode file for wolfSSL.I-CUBE-wolfMQTT.1.19.0
2024-12-08 10:29:31,793 [WARN] PackLoader:240 - Cannot read IP mode file for WES.I-CUBE-Cesium.1.3.0
2024-12-08 10:29:31,808 [WARN] PackLoader:240 - Cannot read IP mode file for STMicroelectronics.X-CUBE-BLE2.3.3.0
2024-12-08 10:29:31,825 [WARN] PackLoader:240 - Cannot read IP mode file for STMicroelectronics.X-CUBE-NFC9.1.0.0
2024-12-08 10:29:31,841 [WARN] PackLoader:240 - Cannot read IP mode file for STMicroelectronics.X-CUBE-TCPP.4.1.0
2024-12-08 10:29:31,870 [WARN] PackLoader:240 - Cannot read IP mode file for STMicroelectronics.X-CUBE-AZRTOS-G0.1.1.0
2024-12-08 10:29:31,891 [WARN] PackLoader:240 - Cannot read IP mode file for STMicroelectronics.X-CUBE-SAFEA1.1.2.2
2024-12-08 10:29:31,911 [WARN] PackLoader:240 - Cannot read IP mode file for STMicroelectronics.X-CUBE-NFC4.3.0.0
2024-12-08 10:29:31,930 [WARN] PackLoader:240 - Cannot read IP mode file for EmbeddedOffice.I-CUBE-FS-RTOS.1.0.1
2024-12-08 10:29:31,930 [ERROR] ConditionMgr:805 - Attr not supported : Dmpu
2024-12-08 10:29:31,930 [ERROR] ConditionMgr:805 - Attr not supported : Dmpu
2024-12-08 10:29:31,930 [ERROR] ConditionMgr:805 - Attr not supported : Dmpu
2024-12-08 10:29:31,930 [ERROR] ConditionMgr:805 - Attr not supported : Dmpu
2024-12-08 10:29:31,930 [ERROR] ConditionMgr:805 - Attr not supported : Dmpu
2024-12-08 10:29:31,930 [ERROR] ConditionMgr:805 - Attr not supported : Dmpu
2024-12-08 10:29:31,931 [ERROR] ConditionMgr:805 - Attr not supported : Dmpu
2024-12-08 10:29:31,931 [ERROR] ConditionMgr:805 - Attr not supported : Dmpu
2024-12-08 10:29:31,931 [ERROR] ConditionMgr:805 - Attr not supported : Dmpu
2024-12-08 10:29:31,931 [ERROR] ConditionMgr:805 - Attr not supported : Dmpu
2024-12-08 10:29:31,931 [ERROR] ConditionMgr:805 - Attr not supported : Dmpu
2024-12-08 10:29:31,931 [ERROR] ConditionMgr:805 - Attr not supported : Dmpu
2024-12-08 10:29:31,931 [ERROR] ConditionMgr:805 - Attr not supported : Dmpu
2024-12-08 10:29:31,931 [ERROR] ConditionMgr:805 - Attr not supported : Dmpu
2024-12-08 10:29:31,931 [ERROR] ConditionMgr:805 - Attr not supported : Dmpu
2024-12-08 10:29:31,931 [ERROR] ConditionMgr:805 - Attr not supported : Dmpu
2024-12-08 10:29:31,931 [ERROR] ConditionMgr:805 - Attr not supported : Dmpu
2024-12-08 10:29:31,931 [ERROR] ConditionMgr:805 - Attr not supported : Dmpu
2024-12-08 10:29:31,931 [ERROR] ConditionMgr:805 - Attr not supported : Dmpu
2024-12-08 10:29:31,932 [ERROR] ConditionMgr:805 - Attr not supported : Dmpu
2024-12-08 10:29:31,932 [ERROR] ConditionMgr:805 - Attr not supported : Dmpu
2024-12-08 10:29:31,932 [ERROR] ConditionMgr:805 - Attr not supported : Dmpu
2024-12-08 10:29:31,932 [ERROR] ConditionMgr:805 - Attr not supported : Dmpu
2024-12-08 10:29:31,932 [ERROR] ConditionMgr:805 - Attr not supported : Dmpu
2024-12-08 10:29:31,932 [ERROR] ConditionMgr:805 - Attr not supported : Dmpu
2024-12-08 10:29:31,932 [ERROR] ConditionMgr:805 - Attr not supported : Dmpu
2024-12-08 10:29:31,932 [ERROR] ConditionMgr:805 - Attr not supported : Dmpu
2024-12-08 10:29:31,932 [ERROR] ConditionMgr:805 - Attr not supported : Dmpu
2024-12-08 10:29:31,932 [ERROR] ConditionMgr:805 - Attr not supported : Dmpu
2024-12-08 10:29:31,932 [ERROR] ConditionMgr:805 - Attr not supported : Dmpu
2024-12-08 10:29:31,932 [ERROR] ConditionMgr:805 - Attr not supported : Dmpu
2024-12-08 10:29:31,932 [ERROR] ConditionMgr:805 - Attr not supported : Dmpu
2024-12-08 10:29:31,933 [ERROR] ConditionMgr:805 - Attr not supported : Dmpu
2024-12-08 10:29:31,933 [ERROR] ConditionMgr:805 - Attr not supported : Dmpu
2024-12-08 10:29:31,933 [ERROR] ConditionMgr:805 - Attr not supported : Dmpu
2024-12-08 10:29:31,933 [ERROR] ConditionMgr:805 - Attr not supported : Dmpu
2024-12-08 10:29:31,933 [ERROR] ConditionMgr:805 - Attr not supported : Dmpu
2024-12-08 10:29:31,933 [ERROR] ConditionMgr:805 - Attr not supported : Dmpu
2024-12-08 10:29:31,933 [ERROR] ConditionMgr:805 - Attr not supported : Dmpu
2024-12-08 10:29:31,933 [ERROR] ConditionMgr:805 - Attr not supported : Dmpu
2024-12-08 10:29:31,933 [ERROR] ConditionMgr:805 - Attr not supported : Dmpu
2024-12-08 10:29:31,933 [ERROR] ConditionMgr:805 - Attr not supported : Dmpu
2024-12-08 10:29:31,934 [ERROR] ConditionMgr:805 - Attr not supported : Dmpu
2024-12-08 10:29:31,934 [ERROR] ConditionMgr:805 - Attr not supported : Dmpu
2024-12-08 10:29:31,934 [ERROR] ConditionMgr:805 - Attr not supported : Dmpu
2024-12-08 10:29:31,934 [ERROR] ConditionMgr:805 - Attr not supported : Dmpu
2024-12-08 10:29:31,934 [ERROR] ConditionMgr:805 - Attr not supported : Dmpu
2024-12-08 10:29:31,934 [ERROR] ConditionMgr:805 - Attr not supported : Dmpu
2024-12-08 10:29:31,934 [ERROR] ConditionMgr:805 - Attr not supported : Dmpu
2024-12-08 10:29:31,934 [ERROR] ConditionMgr:805 - Attr not supported : Dmpu
2024-12-08 10:29:31,934 [ERROR] ConditionMgr:805 - Attr not supported : Dmpu
2024-12-08 10:29:31,934 [ERROR] ConditionMgr:805 - Attr not supported : Dmpu
2024-12-08 10:29:31,934 [ERROR] ConditionMgr:805 - Attr not supported : Dmpu
2024-12-08 10:29:31,934 [ERROR] ConditionMgr:805 - Attr not supported : Dmpu
2024-12-08 10:29:31,934 [ERROR] ConditionMgr:805 - Attr not supported : Dmpu
2024-12-08 10:29:31,934 [ERROR] ConditionMgr:805 - Attr not supported : Dmpu
2024-12-08 10:29:31,934 [ERROR] ConditionMgr:805 - Attr not supported : Dmpu
2024-12-08 10:29:31,935 [ERROR] ConditionMgr:805 - Attr not supported : Dmpu
2024-12-08 10:29:31,935 [ERROR] ConditionMgr:805 - Attr not supported : Dmpu
2024-12-08 10:29:31,935 [ERROR] ConditionMgr:805 - Attr not supported : Dmpu
2024-12-08 10:29:31,935 [ERROR] ConditionMgr:805 - Attr not supported : Dmpu
2024-12-08 10:29:31,935 [ERROR] ConditionMgr:805 - Attr not supported : Dmpu
2024-12-08 10:29:31,935 [ERROR] ConditionMgr:805 - Attr not supported : Dmpu
2024-12-08 10:29:31,935 [ERROR] ConditionMgr:805 - Attr not supported : Dmpu
2024-12-08 10:29:31,950 [WARN] PackLoader:240 - Cannot read IP mode file for RealThread.X-CUBE-RT-Thread_Nano.4.1.1
2024-12-08 10:29:31,965 [WARN] PackLoader:240 - Cannot read IP mode file for STMicroelectronics.FP-ATR-SIGFOX1.3.2.0
2024-12-08 10:29:31,978 [WARN] ConditionMgr:438 - getConditionDescription Invalid condition id : Cortex-A Device cause : null
2024-12-08 10:29:31,996 [WARN] ConditionMgr:1039 - genDependencies : Invalid condition id : Cortex-A Device cause : null
2024-12-08 10:29:31,996 [WARN] ConditionMgr:1039 - genDependencies : Invalid condition id : Cortex-A Device cause : null
2024-12-08 10:29:31,997 [WARN] ConditionMgr:1039 - genDependencies : Invalid condition id : Cortex-A Device cause : null
2024-12-08 10:29:32,009 [WARN] PackLoader:240 - Cannot read IP mode file for STMicroelectronics.X-CUBE-EEPRMA1.5.1.0
2024-12-08 10:29:32,021 [WARN] PackLoader:240 - Cannot read IP mode file for wolfSSL.I-CUBE-wolfSSL.5.7.4
2024-12-08 10:29:32,033 [WARN] PackLoader:240 - Cannot read IP mode file for ITTIA_DB.I-CUBE-ITTIADB.8.9.0
2024-12-08 10:29:32,059 [WARN] PackLoader:240 - Cannot read IP mode file for SEGGER.I-CUBE-embOS.1.3.1
2024-12-08 10:29:32,096 [WARN] PackLoader:240 - Cannot read IP mode file for STMicroelectronics.X-CUBE-ALGOBUILD.1.4.0
2024-12-08 10:29:32,112 [WARN] PackLoader:240 - Cannot read IP mode file for STMicroelectronics.X-CUBE-AI.9.1.0
2024-12-08 10:29:32,136 [WARN] PackLoader:240 - Cannot read IP mode file for STMicroelectronics.X-CUBE-AZRTOS-F4.1.1.0
2024-12-08 10:29:32,153 [WARN] PackLoader:240 - Cannot read IP mode file for STMicroelectronics.X-CUBE-ISPU.2.1.0
2024-12-08 10:29:32,167 [WARN] PackLoader:240 - Cannot read IP mode file for STMicroelectronics.X-CUBE-FREERTOS.1.2.0
2024-12-08 10:29:32,190 [WARN] PackLoader:240 - Cannot read IP mode file for STMicroelectronics.X-CUBE-AZRTOS-L5.2.0.0
2024-12-08 10:29:32,210 [WARN] PackLoader:240 - Cannot read IP mode file for STMicroelectronics.X-CUBE-NFC6.3.1.0
2024-12-08 10:29:32,226 [WARN] PackLoader:240 - Cannot read IP mode file for STMicroelectronics.X-CUBE-DPower.1.2.0
2024-12-08 10:29:32,242 [WARN] PackLoader:240 - Cannot read IP mode file for STMicroelectronics.X-CUBE-NFC7.1.0.1
2024-12-08 10:29:32,268 [WARN] ConditionMgr:438 - getConditionDescription Invalid condition id : LAN8742 Phy interface Condition cause : null
2024-12-08 10:29:32,268 [WARN] PackLoader:240 - Cannot read IP mode file for STMicroelectronics.X-CUBE-AZRTOS-L4.2.0.0
2024-12-08 10:29:32,269 [WARN] ConditionMgr:1039 - genDependencies : Invalid condition id : LAN8742 Phy interface Condition cause : null
2024-12-08 10:29:32,269 [WARN] ConditionMgr:1039 - genDependencies : Invalid condition id : LAN8742 Phy interface Condition cause : null
2024-12-08 10:29:32,270 [WARN] ConditionMgr:1039 - genDependencies : Invalid condition id : LAN8742 Phy interface Condition cause : null
2024-12-08 10:29:32,288 [WARN] PackLoader:240 - Cannot read IP mode file for STMicroelectronics.X-CUBE-SFXS2LP1.4.0.0
2024-12-08 10:29:32,315 [WARN] PackLoader:240 - Cannot read IP mode file for STMicroelectronics.X-CUBE-AZRTOS-H7.3.3.0
2024-12-08 10:29:32,338 [WARN] PackLoader:240 - Cannot read IP mode file for STMicroelectronics.X-CUBE-IPS.3.0.0
2024-12-08 10:29:32,363 [WARN] ConditionMgr:438 - getConditionDescription Invalid condition id : UX DEVICE CLASS RTOS Condition cause : null
2024-12-08 10:29:32,364 [WARN] ConditionMgr:438 - getConditionDescription Invalid condition id : UX DEVICE CLASS RTOS Condition cause : null
2024-12-08 10:29:32,365 [WARN] PackLoader:240 - Cannot read IP mode file for STMicroelectronics.X-CUBE-AZRTOS-WB.2.0.0
2024-12-08 10:29:32,366 [WARN] ConditionMgr:1039 - genDependencies : Invalid condition id : UX DEVICE CLASS RTOS Condition cause : null
2024-12-08 10:29:32,366 [WARN] ConditionMgr:1039 - genDependencies : Invalid condition id : UX DEVICE CLASS RTOS Condition cause : null
2024-12-08 10:29:32,367 [WARN] ConditionMgr:1039 - genDependencies : Invalid condition id : UX DEVICE CLASS RTOS Condition cause : null
2024-12-08 10:29:32,367 [WARN] ConditionMgr:1039 - genDependencies : Invalid condition id : UX DEVICE CLASS RTOS Condition cause : null
2024-12-08 10:29:32,367 [WARN] ConditionMgr:1039 - genDependencies : Invalid condition id : UX DEVICE CLASS RTOS Condition cause : null
2024-12-08 10:29:32,386 [WARN] PackLoader:240 - Cannot read IP mode file for STMicroelectronics.X-CUBE-GNSS1.7.0.0
2024-12-08 10:29:32,407 [WARN] PackLoader:240 - Cannot read IP mode file for STMicroelectronics.FP-SNS-STBOX1.2.0.0
2024-12-08 10:29:32,429 [WARN] PackLoader:240 - Cannot read IP mode file for STMicroelectronics.X-CUBE-SUBG2.5.0.0
2024-12-08 10:29:32,455 [WARN] PackLoader:240 - Cannot read IP mode file for Cesanta.I-CUBE-Mongoose.7.13.0
2024-12-08 10:29:32,479 [WARN] PackLoader:240 - Cannot read IP mode file for STMicroelectronics.X-CUBE-AZRTOS-G4.2.0.0
2024-12-08 10:29:32,496 [WARN] PackLoader:240 - Cannot read IP mode file for STMicroelectronics.X-CUBE-ALS.1.0.2
2024-12-08 10:29:32,512 [WARN] PackLoader:240 - Cannot read IP mode file for STMicroelectronics.X-CUBE-TOUCHGFX.4.24.1
2024-12-08 10:29:32,526 [WARN] PackLoader:240 - Cannot read IP mode file for wolfSSL.I-CUBE-wolfTPM.3.4.0
2024-12-08 10:29:32,541 [WARN] PackLoader:240 - Cannot read IP mode file for portGmbH.I-Cube-SoM-uGOAL.1.1.0
2024-12-08 10:29:32,567 [WARN] PackLoader:240 - Cannot read IP mode file for STMicroelectronics.X-CUBE-AZRTOS-H7RS.1.0.0
2024-12-08 10:29:32,587 [WARN] PackLoader:240 - Cannot read IP mode file for STMicroelectronics.X-CUBE-TOF1.3.4.2
2024-12-08 10:29:32,619 [WARN] PackLoader:240 - Cannot read IP mode file for Infineon.AIROC-Wi-Fi-Bluetooth-STM32.1.6.1
2024-12-08 10:29:32,636 [WARN] PackLoader:240 - Cannot read IP mode file for wolfSSL.I-CUBE-wolfSSH.1.4.17
2024-12-08 10:29:32,637 [INFO] ThirdParty:978 - Integrity check success = true
2024-12-08 10:29:32,637 [INFO] IntegrityCheckThread:100 - exiting critical section [integrity check]
2024-12-08 10:29:32,637 [INFO] IntegrityCheckThread:103 - End integrity checks thread
2024-12-08 10:29:33,672 [INFO] WebApp:167 - Instantiating new browser for Auth
2024-12-08 10:29:34,159 [INFO] WebApp:448 - Apply proxy settings
2024-12-08 10:29:34,159 [INFO] WebApp:533 - Chromium requires no authentication
2024-12-08 10:29:34,165 [INFO] WebApp:476 - Direct internet connection detected
2024-12-08 10:29:34,184 [INFO] WebApp:869 - Register for checkConnection events
2024-12-08 10:29:34,184 [INFO] WebApp:448 - Apply proxy settings
2024-12-08 10:29:34,184 [INFO] WebApp:533 - Chromium requires no authentication
2024-12-08 10:29:34,184 [INFO] WebApp:476 - Direct internet connection detected
2024-12-08 10:29:34,297 [INFO] WebApp:220 - Starting web application
2024-12-08 10:29:34,297 [INFO] WebApp:578 - Web application path used C:\ST\STM32CubeIDE_1.16.1\STM32CubeIDE\plugins\com.st.stm32cube.common.mx_6.12.1.202409122256\db\plugins\mcufinder\reactClient1\index.html
2024-12-08 10:29:34,418 [INFO] UserAuth:417 - Internet connection configuration mode: 1
2024-12-08 10:29:34,448 [INFO] WebApp:186 - Connection restablished
2024-12-08 10:30:00,597 [ERROR] LogOutputStream:75 - [STDERR_REDIRECT] 
