2024-12-12 13:10:18,062 [INFO] Activator:176 - 


2024-12-12 13:10:18,068 [INFO] Activator:177 - !SESSION log4j initialized
2024-12-12 13:10:22,999 [INFO] LogOutputStream:77 - [STDOUT_REDIRECT] 
2024-12-12 13:10:25,515 [INFO] ApplicationProperties:184 - Using Application install path: C:\ST\STM32CubeIDE_1.16.1\STM32CubeIDE\plugins\com.st.stm32cube.common.mx_6.12.1.202409122256
2024-12-12 13:10:25,531 [INFO] DbMcusXml:78 - Set database path to: C:\ST\STM32CubeIDE_1.16.1\STM32CubeIDE\plugins\com.st.stm32cube.common.mx_6.12.1.202409122256\\db\/mcu/
2024-12-12 13:10:25,532 [INFO] ApiDb:274 - Set plugin database path to: C:\ST\STM32CubeIDE_1.16.1\STM32CubeIDE\plugins\com.st.stm32cube.common.mx_6.12.1.202409122256\\db\/plugins/boardmanager/
2024-12-12 13:10:25,532 [WARN] ApiDb:259 - Overriding images path with different value:  => C:\ST\STM32CubeIDE_1.16.1\STM32CubeIDE\plugins\com.st.stm32cube.common.mx_6.12.1.202409122256\\db\/plugins/mcufinder/images/
2024-12-12 13:10:25,536 [INFO] ApiDb:250 - Set database path to: C:\Users\frado\.stmcufinder\plugins\mcufinder//mcu/
2024-12-12 13:10:25,537 [INFO] DbMcusAds:125 - Set database path to: C:\Users\frado\.stmcufinder\plugins\mcufinder//mcu/
2024-12-12 13:10:25,539 [INFO] CrossReferenceDbSqlite:203 - Set database path to: C:\Users\frado\.stmcufinder\plugins\mcufinder//mcu/cs/
2024-12-12 13:10:25,622 [INFO] RulesReader:64 - Compatibility file has been processed (297 Rules)
2024-12-12 13:10:25,687 [INFO] DbMcusXml:78 - Set database path to: C:\ST\STM32CubeIDE_1.16.1\STM32CubeIDE\plugins\com.st.stm32cube.common.mx_6.12.1.202409122256\\db\/mcu/
2024-12-12 13:10:25,687 [INFO] ApiDb:274 - Set plugin database path to: C:\ST\STM32CubeIDE_1.16.1\STM32CubeIDE\plugins\com.st.stm32cube.common.mx_6.12.1.202409122256\\db\/plugins/boardmanager/
2024-12-12 13:10:25,687 [INFO] ApiDb:261 - Set plugin images path to: C:\ST\STM32CubeIDE_1.16.1\STM32CubeIDE\plugins\com.st.stm32cube.common.mx_6.12.1.202409122256\\db\/plugins/mcufinder/images/
2024-12-12 13:10:25,688 [WARN] DbFile:41 - Overriding database path with different value: C:\Users\frado\.stmcufinder\plugins\mcufinder/ => C:\Users\frado\.stmcufinder\plugins\mcufinder
2024-12-12 13:10:25,688 [INFO] ApiDb:250 - Set database path to: C:\Users\frado\.stmcufinder\plugins\mcufinder//mcu/
2024-12-12 13:10:25,688 [WARN] DbFile:41 - Overriding database path with different value: C:\Users\frado\.stmcufinder\plugins\mcufinder/ => C:\Users\frado\.stmcufinder\plugins\mcufinder
2024-12-12 13:10:25,689 [INFO] DbMcusAds:125 - Set database path to: C:\Users\frado\.stmcufinder\plugins\mcufinder//mcu/
2024-12-12 13:10:25,689 [WARN] DbFile:41 - Overriding database path with different value: C:\Users\frado\.stmcufinder\plugins\mcufinder/ => C:\Users\frado\.stmcufinder\plugins\mcufinder
2024-12-12 13:10:25,689 [WARN] DbFile:41 - Overriding database path with different value: C:\Users\frado\.stmcufinder\plugins\mcufinder/ => C:\Users\frado\.stmcufinder\plugins\mcufinder
2024-12-12 13:10:25,689 [INFO] CrossReferenceDbSqlite:203 - Set database path to: C:\Users\frado\.stmcufinder\plugins\mcufinder//mcu/cs/
2024-12-12 13:10:25,769 [INFO] MainPanel:268 - HeapMemory: 268435456
2024-12-12 13:10:25,832 [INFO] DbMcusXml:78 - Set database path to: C:\ST\STM32CubeIDE_1.16.1\STM32CubeIDE\plugins\com.st.stm32cube.common.mx_6.12.1.202409122256\\db\/mcu/
2024-12-12 13:10:25,832 [INFO] ApiDb:274 - Set plugin database path to: C:\ST\STM32CubeIDE_1.16.1\STM32CubeIDE\plugins\com.st.stm32cube.common.mx_6.12.1.202409122256\\db\/plugins/boardmanager/
2024-12-12 13:10:25,832 [INFO] ApiDb:261 - Set plugin images path to: C:\ST\STM32CubeIDE_1.16.1\STM32CubeIDE\plugins\com.st.stm32cube.common.mx_6.12.1.202409122256\\db\/plugins/mcufinder/images/
2024-12-12 13:10:25,833 [WARN] DbFile:41 - Overriding database path with different value: C:\Users\frado\.stmcufinder\plugins\mcufinder/ => C:\Users\frado\.stmcufinder\plugins\mcufinder
2024-12-12 13:10:25,833 [INFO] ApiDb:250 - Set database path to: C:\Users\frado\.stmcufinder\plugins\mcufinder//mcu/
2024-12-12 13:10:25,833 [WARN] DbFile:41 - Overriding database path with different value: C:\Users\frado\.stmcufinder\plugins\mcufinder/ => C:\Users\frado\.stmcufinder\plugins\mcufinder
2024-12-12 13:10:25,833 [INFO] DbMcusAds:125 - Set database path to: C:\Users\frado\.stmcufinder\plugins\mcufinder//mcu/
2024-12-12 13:10:25,833 [WARN] DbFile:41 - Overriding database path with different value: C:\Users\frado\.stmcufinder\plugins\mcufinder/ => C:\Users\frado\.stmcufinder\plugins\mcufinder
2024-12-12 13:10:25,833 [WARN] DbFile:41 - Overriding database path with different value: C:\Users\frado\.stmcufinder\plugins\mcufinder/ => C:\Users\frado\.stmcufinder\plugins\mcufinder
2024-12-12 13:10:25,833 [INFO] CrossReferenceDbSqlite:203 - Set database path to: C:\Users\frado\.stmcufinder\plugins\mcufinder//mcu/cs/
2024-12-12 13:10:25,848 [INFO] ApplicationProperties:184 - Using Application install path: C:\ST\STM32CubeIDE_1.16.1\STM32CubeIDE\plugins\com.st.stm32cube.common.mx_6.12.1.202409122256
2024-12-12 13:10:25,849 [INFO] PluginManage:196 - Search for loadable plugins [exclusion list=, ]
2024-12-12 13:10:25,849 [INFO] PluginManage:310 - Check plugin analytics
2024-12-12 13:10:25,986 [INFO] AnalyticsPlugin:253 - Accepted Software Licenses: STM32CubeMX.6.12.1
2024-12-12 13:10:25,986 [INFO] AnalyticsPlugin:255 - Accepted CMSIS Pack Licenses: 
2024-12-12 13:10:25,986 [INFO] AnalyticsPlugin:257 - Accepted Firmware Licenses: FW.F4.1.28.0,FW.L4.1.18.0,FW.H7.1.11.0
2024-12-12 13:10:25,988 [INFO] PluginManage:359 - Loaded plugin analytics (category:tool,tabindex:-1)
2024-12-12 13:10:25,989 [INFO] PluginManage:310 - Check plugin cadmodel
2024-12-12 13:10:25,993 [INFO] CADModel:105 - Init CAD model plugin
2024-12-12 13:10:25,994 [INFO] PluginManage:359 - Loaded plugin cadmodel (category:power,tabindex:5)
2024-12-12 13:10:25,994 [INFO] PluginManage:310 - Check plugin clock
2024-12-12 13:10:26,002 [INFO] PluginManage:359 - Loaded plugin clock (category:base,tabindex:2)
2024-12-12 13:10:26,002 [INFO] PluginManage:310 - Check plugin ddr
2024-12-12 13:10:26,004 [INFO] PluginManage:359 - Loaded plugin ddr (category:tool,tabindex:6)
2024-12-12 13:10:26,004 [INFO] PluginManage:310 - Check plugin filemanager
2024-12-12 13:10:26,123 [INFO] PluginManage:359 - Loaded plugin filemanager (category:base,tabindex:10)
2024-12-12 13:10:26,123 [INFO] PluginManage:310 - Check plugin ipmanager
2024-12-12 13:10:26,129 [INFO] PluginManage:359 - Loaded plugin ipmanager (category:base,tabindex:5)
2024-12-12 13:10:26,129 [INFO] PluginManage:310 - Check plugin lpbam
2024-12-12 13:10:26,135 [INFO] PluginManage:359 - Loaded plugin lpbam (category:base,tabindex:0)
2024-12-12 13:10:26,136 [INFO] PluginManage:310 - Check plugin memorymap
2024-12-12 13:10:26,145 [INFO] PluginManage:359 - Loaded plugin memorymap (category:base,tabindex:4)
2024-12-12 13:10:26,145 [INFO] PluginManage:310 - Check plugin pinoutandconfiguration
2024-12-12 13:10:26,150 [INFO] PluginManage:359 - Loaded plugin pinoutandconfiguration (category:base,tabindex:1)
2024-12-12 13:10:26,151 [INFO] PluginManage:310 - Check plugin pinoutconfig
2024-12-12 13:10:26,222 [WARN] SupportedApi:132 - Cannot load RTOS API schema: s4s-elt-must-match.1: The content of 'definitions' must match (annotation?, (simpleType | complexType)?, (unique | key | keyref)*)). A problem was found starting at: attribute.
2024-12-12 13:10:26,324 [INFO] PluginManage:359 - Loaded plugin pinoutconfig (category:base,tabindex:0)
2024-12-12 13:10:26,325 [INFO] PluginManage:310 - Check plugin power
2024-12-12 13:10:26,330 [INFO] PluginManage:359 - Loaded plugin power (category:power,tabindex:4)
2024-12-12 13:10:26,331 [INFO] PluginManage:310 - Check plugin projectmanager
2024-12-12 13:10:26,343 [INFO] PluginManage:359 - Loaded plugin projectmanager (category:projectmanager,tabindex:4)
2024-12-12 13:10:26,343 [INFO] PluginManage:310 - Check plugin rif
2024-12-12 13:10:26,347 [INFO] PluginManage:359 - Loaded plugin rif (category:base,tabindex:3)
2024-12-12 13:10:26,347 [INFO] PluginManage:310 - Check plugin thirdparty
2024-12-12 13:10:26,438 [INFO] PluginManage:359 - Loaded plugin thirdparty (category:base,tabindex:-1)
2024-12-12 13:10:26,438 [WARN] IntegrityCheckThread:84 - waiting for thirdparty lock release [integrity check]
2024-12-12 13:10:26,438 [INFO] PluginManage:310 - Check plugin tools
2024-12-12 13:10:26,438 [INFO] IntegrityCheckThread:86 - entering critical section [integrity check]
2024-12-12 13:10:26,439 [INFO] ThirdPartyUpdaterWithRetryManager:70 - Updater plugin not ready yet. [1/15]
2024-12-12 13:10:26,441 [INFO] PluginManage:359 - Loaded plugin tools (category:base,tabindex:7)
2024-12-12 13:10:26,441 [INFO] PluginManage:310 - Check plugin tutovideos
2024-12-12 13:10:26,567 [INFO] PluginManage:359 - Loaded plugin tutovideos (category:base,tabindex:-1)
2024-12-12 13:10:26,567 [INFO] PluginManage:310 - Check plugin updater
2024-12-12 13:10:26,587 [INFO] PluginManage:359 - Loaded plugin updater (category:base,tabindex:12)
2024-12-12 13:10:26,587 [INFO] PluginManage:310 - Check plugin userauth
2024-12-12 13:10:26,592 [INFO] UserAuth:113 - Init User Auth plugin
2024-12-12 13:10:26,592 [INFO] PluginManage:359 - Loaded plugin userauth (category:base,tabindex:14)
2024-12-12 13:10:26,592 [INFO] PluginManage:283 - PluginManage : Loaded plugins [18]
2024-12-12 13:10:26,786 [INFO] PinOutPanel:1561 - setPackage(No Configuration,No Configuration)
2024-12-12 13:10:26,849 [INFO] CADModel:165 - CPN selected for project level
2024-12-12 13:10:26,849 [INFO] CADModel:114 - Register for checkConnection events
2024-12-12 13:10:26,859 [INFO] IPUIPlugin:80 - create IPUIPlugin
2024-12-12 13:10:26,860 [INFO] PluginManager:220 - loadIPPluginJar : add adc
2024-12-12 13:10:26,860 [INFO] IPUIPlugin:80 - create IPUIPlugin
2024-12-12 13:10:26,860 [INFO] PluginManager:220 - loadIPPluginJar : add aes
2024-12-12 13:10:26,862 [INFO] IPUIPlugin:80 - create IPUIPlugin
2024-12-12 13:10:26,862 [INFO] PluginManager:220 - loadIPPluginJar : add can
2024-12-12 13:10:26,863 [INFO] IPUIPlugin:80 - create IPUIPlugin
2024-12-12 13:10:26,863 [INFO] PluginManager:220 - loadIPPluginJar : add comp
2024-12-12 13:10:26,864 [INFO] IPUIPlugin:80 - create IPUIPlugin
2024-12-12 13:10:26,864 [INFO] PluginManager:220 - loadIPPluginJar : add cryp
2024-12-12 13:10:26,865 [INFO] IPUIPlugin:80 - create IPUIPlugin
2024-12-12 13:10:26,866 [INFO] PluginManager:220 - loadIPPluginJar : add ddr_ctrl_phy
2024-12-12 13:10:26,867 [INFO] IPUIPlugin:80 - create IPUIPlugin
2024-12-12 13:10:26,867 [INFO] PluginManager:220 - loadIPPluginJar : add dfsdm
2024-12-12 13:10:26,870 [INFO] IPUIPlugin:80 - create IPUIPlugin
2024-12-12 13:10:26,870 [INFO] PluginManager:220 - loadIPPluginJar : add dma
2024-12-12 13:10:26,872 [INFO] IPUIPlugin:80 - create IPUIPlugin
2024-12-12 13:10:26,872 [INFO] PluginManager:220 - loadIPPluginJar : add dma3
2024-12-12 13:10:26,873 [INFO] IPUIPlugin:80 - create IPUIPlugin
2024-12-12 13:10:26,873 [INFO] PluginManager:220 - loadIPPluginJar : add extmemmanager
2024-12-12 13:10:26,874 [INFO] IPUIPlugin:80 - create IPUIPlugin
2024-12-12 13:10:26,874 [INFO] PluginManager:220 - loadIPPluginJar : add fatfs
2024-12-12 13:10:26,877 [INFO] IPUIPlugin:80 - create IPUIPlugin
2024-12-12 13:10:26,877 [INFO] PluginManager:220 - loadIPPluginJar : add fmc
2024-12-12 13:10:26,880 [INFO] IPUIPlugin:80 - create IPUIPlugin
2024-12-12 13:10:26,880 [INFO] PluginManager:220 - loadIPPluginJar : add freertos
2024-12-12 13:10:26,881 [INFO] IPUIPlugin:80 - create IPUIPlugin
2024-12-12 13:10:26,881 [INFO] PluginManager:220 - loadIPPluginJar : add genericplugin
2024-12-12 13:10:26,882 [INFO] IPUIPlugin:80 - create IPUIPlugin
2024-12-12 13:10:26,882 [INFO] PluginManager:220 - loadIPPluginJar : add gfxmmu
2024-12-12 13:10:26,885 [INFO] IPUIPlugin:80 - create IPUIPlugin
2024-12-12 13:10:26,885 [INFO] PluginManager:220 - loadIPPluginJar : add gic
2024-12-12 13:10:26,887 [INFO] IPUIPlugin:80 - create IPUIPlugin
2024-12-12 13:10:26,887 [INFO] PluginManager:220 - loadIPPluginJar : add gpio
2024-12-12 13:10:26,889 [INFO] IPUIPlugin:80 - create IPUIPlugin
2024-12-12 13:10:26,889 [INFO] PluginManager:220 - loadIPPluginJar : add gtzc
2024-12-12 13:10:26,891 [INFO] IPUIPlugin:80 - create IPUIPlugin
2024-12-12 13:10:26,891 [INFO] PluginManager:220 - loadIPPluginJar : add hash
2024-12-12 13:10:26,893 [INFO] IPUIPlugin:80 - create IPUIPlugin
2024-12-12 13:10:26,893 [INFO] PluginManager:220 - loadIPPluginJar : add i2c
2024-12-12 13:10:26,894 [INFO] IPUIPlugin:80 - create IPUIPlugin
2024-12-12 13:10:26,894 [INFO] PluginManager:220 - loadIPPluginJar : add i2s
2024-12-12 13:10:26,896 [INFO] IPUIPlugin:80 - create IPUIPlugin
2024-12-12 13:10:26,896 [INFO] PluginManager:220 - loadIPPluginJar : add i3c
2024-12-12 13:10:26,898 [INFO] IPUIPlugin:80 - create IPUIPlugin
2024-12-12 13:10:26,898 [INFO] PluginManager:220 - loadIPPluginJar : add ipddr
2024-12-12 13:10:26,902 [INFO] IPUIPlugin:80 - create IPUIPlugin
2024-12-12 13:10:26,902 [INFO] PluginManager:220 - loadIPPluginJar : add linkedlist
2024-12-12 13:10:26,903 [INFO] IPUIPlugin:80 - create IPUIPlugin
2024-12-12 13:10:26,903 [INFO] PluginManager:220 - loadIPPluginJar : add lorawan
2024-12-12 13:10:26,904 [INFO] IPUIPlugin:80 - create IPUIPlugin
2024-12-12 13:10:26,904 [INFO] PluginManager:220 - loadIPPluginJar : add ltdc
2024-12-12 13:10:26,907 [INFO] IPUIPlugin:80 - create IPUIPlugin
2024-12-12 13:10:26,907 [INFO] PluginManager:220 - loadIPPluginJar : add mdma
2024-12-12 13:10:26,909 [INFO] IPUIPlugin:80 - create IPUIPlugin
2024-12-12 13:10:26,909 [INFO] PluginManager:220 - loadIPPluginJar : add nvic
2024-12-12 13:10:26,911 [INFO] IPUIPlugin:80 - create IPUIPlugin
2024-12-12 13:10:26,911 [INFO] PluginManager:220 - loadIPPluginJar : add opamp
2024-12-12 13:10:26,912 [INFO] IPUIPlugin:80 - create IPUIPlugin
2024-12-12 13:10:26,913 [INFO] PluginManager:220 - loadIPPluginJar : add openamp
2024-12-12 13:10:26,914 [INFO] IPUIPlugin:80 - create IPUIPlugin
2024-12-12 13:10:26,914 [INFO] PluginManager:220 - loadIPPluginJar : add pdm2pcm
2024-12-12 13:10:26,918 [INFO] IPUIPlugin:80 - create IPUIPlugin
2024-12-12 13:10:26,919 [INFO] PluginManager:220 - loadIPPluginJar : add plateformsettings
2024-12-12 13:10:26,920 [INFO] IPUIPlugin:80 - create IPUIPlugin
2024-12-12 13:10:26,920 [INFO] PluginManager:220 - loadIPPluginJar : add quadspi
2024-12-12 13:10:26,921 [INFO] IPUIPlugin:80 - create IPUIPlugin
2024-12-12 13:10:26,922 [INFO] PluginManager:220 - loadIPPluginJar : add radio
2024-12-12 13:10:26,923 [INFO] IPUIPlugin:80 - create IPUIPlugin
2024-12-12 13:10:26,923 [INFO] PluginManager:220 - loadIPPluginJar : add resmgrutility
2024-12-12 13:10:26,925 [INFO] IPUIPlugin:80 - create IPUIPlugin
2024-12-12 13:10:26,925 [INFO] PluginManager:220 - loadIPPluginJar : add sai
2024-12-12 13:10:26,927 [INFO] IPUIPlugin:80 - create IPUIPlugin
2024-12-12 13:10:26,927 [INFO] PluginManager:220 - loadIPPluginJar : add spi
2024-12-12 13:10:26,930 [INFO] IPUIPlugin:80 - create IPUIPlugin
2024-12-12 13:10:26,930 [INFO] PluginManager:220 - loadIPPluginJar : add stm32_wpan
2024-12-12 13:10:26,931 [INFO] IPUIPlugin:80 - create IPUIPlugin
2024-12-12 13:10:26,931 [INFO] PluginManager:220 - loadIPPluginJar : add tim
2024-12-12 13:10:26,933 [INFO] IPUIPlugin:80 - create IPUIPlugin
2024-12-12 13:10:26,933 [INFO] PluginManager:220 - loadIPPluginJar : add touchsensing
2024-12-12 13:10:26,934 [INFO] IPUIPlugin:80 - create IPUIPlugin
2024-12-12 13:10:26,935 [INFO] PluginManager:220 - loadIPPluginJar : add tracer_emb
2024-12-12 13:10:26,936 [INFO] IPUIPlugin:80 - create IPUIPlugin
2024-12-12 13:10:26,936 [INFO] PluginManager:220 - loadIPPluginJar : add ts
2024-12-12 13:10:26,937 [INFO] IPUIPlugin:80 - create IPUIPlugin
2024-12-12 13:10:26,937 [INFO] PluginManager:220 - loadIPPluginJar : add tsc
2024-12-12 13:10:26,938 [INFO] IPUIPlugin:80 - create IPUIPlugin
2024-12-12 13:10:26,938 [INFO] PluginManager:220 - loadIPPluginJar : add ucpd
2024-12-12 13:10:26,939 [INFO] IPUIPlugin:80 - create IPUIPlugin
2024-12-12 13:10:26,939 [INFO] PluginManager:220 - loadIPPluginJar : add usart
2024-12-12 13:10:26,942 [INFO] IPUIPlugin:80 - create IPUIPlugin
2024-12-12 13:10:26,942 [INFO] PluginManager:220 - loadIPPluginJar : add usbx
2024-12-12 13:10:27,054 [INFO] CADModel:165 - CPN selected for project level
2024-12-12 13:10:27,055 [INFO] CADModel:114 - Register for checkConnection events
2024-12-12 13:10:27,055 [FATAL] Updater:334 - Updater called before beeing initialized
2024-12-12 13:10:27,055 [ERROR] CADModel:125 - Updater not yet initialized, retry later 
2024-12-12 13:10:27,142 [INFO] CADModel:165 - CPN selected for project level
2024-12-12 13:10:27,142 [INFO] CADModel:114 - Register for checkConnection events
2024-12-12 13:10:27,142 [FATAL] Updater:334 - Updater called before beeing initialized
2024-12-12 13:10:27,142 [ERROR] CADModel:125 - Updater not yet initialized, retry later 
2024-12-12 13:10:27,144 [FATAL] Updater:334 - Updater called before beeing initialized
2024-12-12 13:10:27,217 [FATAL] Updater:334 - Updater called before beeing initialized
2024-12-12 13:10:27,220 [INFO] DbMcusAds:53 - JSON generation date=Fri Sep 20 15:04:23 CEST 2024 (1726837463113)
2024-12-12 13:10:27,220 [FATAL] Updater:334 - Updater called before beeing initialized
2024-12-12 13:10:27,246 [WARN] DetailPanel:346 - Failed to get advertising image, set to default
2024-12-12 13:10:27,317 [FATAL] Updater:334 - Updater called before beeing initialized
2024-12-12 13:10:27,318 [FATAL] Updater:334 - Updater called before beeing initialized
2024-12-12 13:10:27,319 [FATAL] Updater:334 - Updater called before beeing initialized
2024-12-12 13:10:27,319 [WARN] DetailPanel:346 - Failed to get advertising image, set to default
2024-12-12 13:10:27,319 [FATAL] Updater:334 - Updater called before beeing initialized
2024-12-12 13:10:27,351 [ERROR] Updater:1164 - MainUpdater not yet initialized. External WinMGr cannot be set.
2024-12-12 13:10:27,353 [INFO] Updater:1100 - Updater Version found : 6.12.1
2024-12-12 13:10:27,364 [INFO] ApplicationProperties:184 - Using Application install path: C:\ST\STM32CubeIDE_1.16.1\STM32CubeIDE\plugins\com.st.stm32cube.common.mx_6.12.1.202409122256
2024-12-12 13:10:28,936 [ERROR] LogOutputStream:75 - [STDERR_REDIRECT] Dec 12, 2024 1:10:28 PM java.util.prefs.WindowsPreferences <init>
2024-12-12 13:10:28,938 [ERROR] LogOutputStream:75 - [STDERR_REDIRECT] WARNING: Could not open/create prefs root node Software\JavaSoft\Prefs at root 0xffffffff80000002. Windows RegCreateKeyEx(...) returned error code 5.
2024-12-12 13:10:28,938 [ERROR] LogOutputStream:75 - [STDERR_REDIRECT] 
2024-12-12 13:10:29,214 [INFO] MainUpdater:2873 - connection check result : 10
2024-12-12 13:10:29,214 [INFO] MainUpdater:3567 - Updater definition file requires update
2024-12-12 13:10:29,215 [INFO] MainUpdater:290 - Updater Check For Update Now.
2024-12-12 13:10:29,215 [INFO] MicroXplorer:498 - Change Database Version : DB.6.0.121
2024-12-12 13:10:29,233 [INFO] McuFinderGlobals:63 - Set McuFinder mode to 2 (CubeIDE integrated)
2024-12-12 13:10:29,239 [INFO] UserAuth:417 - Internet connection configuration mode: 1
2024-12-12 13:10:29,261 [INFO] JxBrowserEngine:152 - Initiate JxBrowser Engine with user profile folder
2024-12-12 13:10:29,440 [WARN] MainUpdater:1194 - Updater busy. Cannot search thirdparties
2024-12-12 13:10:29,440 [INFO] ThirdPartyUpdaterWithRetryManager:96 - Updater plugin is busy. [1/15]
2024-12-12 13:10:29,456 [INFO] ServerAccessManage:473 - Download File updaters.zip
2024-12-12 13:10:29,537 [INFO] FileExtend:240 - Unzip File : updaters.zip
2024-12-12 13:10:29,537 [INFO] FileExtend:255 - Standard Zip Deflate
2024-12-12 13:10:30,238 [INFO] ServerAccessManage:473 - Download File PacksControlFlags.xml
2024-12-12 13:10:30,523 [INFO] ServerAccessManage:473 - Download File cubemx.pidx
2024-12-12 13:10:31,186 [INFO] ServerAccessManage:473 - Download File STMicroelectronics.X-CUBE-FREERTOS.pdsc
2024-12-12 13:10:32,335 [INFO] ServerAccessManage:473 - Download File STMicroelectronics.X-CUBE-TCPP.pdsc
2024-12-12 13:10:32,442 [WARN] MainUpdater:1194 - Updater busy. Cannot search thirdparties
2024-12-12 13:10:32,442 [INFO] ThirdPartyUpdaterWithRetryManager:96 - Updater plugin is busy. [2/15]
2024-12-12 13:10:33,277 [WARN] PackLoader:240 - Cannot read IP mode file for STMicroelectronics.X-CUBE-FREERTOS.1.3.0
2024-12-12 13:10:33,283 [WARN] PopulateThirdPartyThread:106 - Error when creating pack: C:/Users/frado/.stm32cubemx/thirdparties/pdsc/STMicroelectronics.X-CUBE-TCPP.pdsc
2024-12-12 13:10:33,283 [INFO] PopulateThirdPartyThread:66 - Ending populate Thread
2024-12-12 13:10:33,284 [INFO] ThirdParty:1030 - CMSIS Pack Vendor :STMicroelectronics X-CUBE-FREERTOS 1.3.0
2024-12-12 13:10:33,285 [INFO] LoadServerUpdatesThread:375 - End of LoadServerUpdate Thread
2024-12-12 13:10:33,439 [INFO] CheckServerUpdateThread:120 - End of CheckServer Thread
2024-12-12 13:10:34,853 [INFO] WebApp:167 - Instantiating new browser for Auth
2024-12-12 13:10:35,383 [INFO] WebApp:448 - Apply proxy settings
2024-12-12 13:10:35,384 [INFO] WebApp:533 - Chromium requires no authentication
2024-12-12 13:10:35,392 [INFO] WebApp:476 - Direct internet connection detected
2024-12-12 13:10:35,413 [INFO] WebApp:869 - Register for checkConnection events
2024-12-12 13:10:35,413 [INFO] WebApp:448 - Apply proxy settings
2024-12-12 13:10:35,413 [INFO] WebApp:533 - Chromium requires no authentication
2024-12-12 13:10:35,413 [INFO] WebApp:476 - Direct internet connection detected
2024-12-12 13:10:35,573 [INFO] WebApp:220 - Starting web application
2024-12-12 13:10:35,574 [INFO] WebApp:578 - Web application path used C:\ST\STM32CubeIDE_1.16.1\STM32CubeIDE\plugins\com.st.stm32cube.common.mx_6.12.1.202409122256\db\plugins\mcufinder\reactClient1\index.html
2024-12-12 13:10:35,592 [WARN] PackLoader:240 - Cannot read IP mode file for STMicroelectronics.FP-SNS-MOTENVWB1.1.4.0
2024-12-12 13:10:35,597 [WARN] PackLoader:240 - Cannot read IP mode file for STMicroelectronics.FP-ATR-ASTRA1.2.0.1
2024-12-12 13:10:35,613 [WARN] PackLoader:240 - Cannot read IP mode file for STMicroelectronics.X-CUBE-SMBUS.2.1.0
2024-12-12 13:10:35,629 [WARN] PackLoader:240 - Cannot read IP mode file for STMicroelectronics.X-CUBE-WB05N.1.1.0
2024-12-12 13:10:35,658 [WARN] PackLoader:240 - Cannot read IP mode file for STMicroelectronics.X-CUBE-AZRTOS-F7.1.1.0
2024-12-12 13:10:35,725 [INFO] UserAuth:417 - Internet connection configuration mode: 1
2024-12-12 13:10:35,726 [WARN] PackLoader:240 - Cannot read IP mode file for STMicroelectronics.X-CUBE-MEMS1.11.0.0
2024-12-12 13:10:35,809 [INFO] WebApp:186 - Connection restablished
2024-12-12 13:10:35,863 [WARN] PackLoader:240 - Cannot read IP mode file for STMicroelectronics.FP-SNS-FLIGHT1.5.0.2
2024-12-12 13:10:35,886 [WARN] PackLoader:240 - Cannot read IP mode file for STMicroelectronics.X-CUBE-DISPLAY.3.0.0
2024-12-12 13:10:35,915 [WARN] PackLoader:240 - Cannot read IP mode file for STMicroelectronics.X-CUBE-BLE1.7.0.0
2024-12-12 13:10:35,941 [WARN] PackLoader:240 - Cannot read IP mode file for STMicroelectronics.X-CUBE-NFC10.1.0.0
2024-12-12 13:10:35,963 [WARN] PackLoader:240 - Cannot read IP mode file for STMicroelectronics.X-CUBE-BLEMGR.4.0.0
2024-12-12 13:10:35,990 [WARN] PackLoader:240 - Cannot read IP mode file for emotas.I-CUBE-CANOPEN.1.3.0
2024-12-12 13:10:36,010 [WARN] PackLoader:240 - Cannot read IP mode file for STMicroelectronics.X-CUBE-BLEMGR.3.1.0
2024-12-12 13:10:36,034 [WARN] PackLoader:240 - Cannot read IP mode file for STMicroelectronics.FP-SNS-SMARTAG2.1.2.0
2024-12-12 13:10:36,059 [INFO] LogOutputStream:77 - [STDOUT_REDIRECT] 1 : Invalid condition id : UX_CORESTACK_Condition cause : null
2024-12-12 13:10:36,060 [INFO] LogOutputStream:77 - [STDOUT_REDIRECT] 1 : Invalid condition id : UX_CORESTACK_Condition cause : null
2024-12-12 13:10:36,061 [INFO] LogOutputStream:77 - [STDOUT_REDIRECT] 1 : Invalid condition id : UX_CORESTACK_Condition cause : null
2024-12-12 13:10:36,061 [INFO] LogOutputStream:77 - [STDOUT_REDIRECT] 1 : Invalid condition id : UX_CORESTACK_Condition cause : null
2024-12-12 13:10:36,062 [INFO] LogOutputStream:77 - [STDOUT_REDIRECT] 1 : Invalid condition id : UX_CORESTACK_Condition cause : null
2024-12-12 13:10:36,065 [WARN] PackLoader:240 - Cannot read IP mode file for STMicroelectronics.X-CUBE-AZRTOS-WL.2.0.0
2024-12-12 13:10:36,089 [WARN] PackLoader:240 - Cannot read IP mode file for STMicroelectronics.FP-SNS-MOTENV1.5.0.0
2024-12-12 13:10:36,096 [WARN] PackLoader:240 - Cannot read IP mode file for wolfSSL.I-CUBE-wolfMQTT.1.19.0
2024-12-12 13:10:36,117 [WARN] PackLoader:240 - Cannot read IP mode file for WES.I-CUBE-Cesium.1.3.0
2024-12-12 13:10:36,142 [WARN] PackLoader:240 - Cannot read IP mode file for STMicroelectronics.X-CUBE-BLE2.3.3.0
2024-12-12 13:10:36,167 [WARN] PackLoader:240 - Cannot read IP mode file for STMicroelectronics.X-CUBE-NFC9.1.0.0
2024-12-12 13:10:36,186 [WARN] PackLoader:240 - Cannot read IP mode file for STMicroelectronics.X-CUBE-TCPP.4.1.0
2024-12-12 13:10:36,218 [WARN] PackLoader:240 - Cannot read IP mode file for STMicroelectronics.X-CUBE-AZRTOS-G0.1.1.0
2024-12-12 13:10:36,241 [WARN] PackLoader:240 - Cannot read IP mode file for STMicroelectronics.X-CUBE-SAFEA1.1.2.2
2024-12-12 13:10:36,260 [WARN] PackLoader:240 - Cannot read IP mode file for STMicroelectronics.X-CUBE-NFC4.3.0.0
2024-12-12 13:10:36,289 [WARN] PackLoader:240 - Cannot read IP mode file for EmbeddedOffice.I-CUBE-FS-RTOS.1.0.1
2024-12-12 13:10:36,291 [ERROR] ConditionMgr:805 - Attr not supported : Dmpu
2024-12-12 13:10:36,291 [ERROR] ConditionMgr:805 - Attr not supported : Dmpu
2024-12-12 13:10:36,291 [ERROR] ConditionMgr:805 - Attr not supported : Dmpu
2024-12-12 13:10:36,291 [ERROR] ConditionMgr:805 - Attr not supported : Dmpu
2024-12-12 13:10:36,292 [ERROR] ConditionMgr:805 - Attr not supported : Dmpu
2024-12-12 13:10:36,292 [ERROR] ConditionMgr:805 - Attr not supported : Dmpu
2024-12-12 13:10:36,292 [ERROR] ConditionMgr:805 - Attr not supported : Dmpu
2024-12-12 13:10:36,292 [ERROR] ConditionMgr:805 - Attr not supported : Dmpu
2024-12-12 13:10:36,292 [ERROR] ConditionMgr:805 - Attr not supported : Dmpu
2024-12-12 13:10:36,292 [ERROR] ConditionMgr:805 - Attr not supported : Dmpu
2024-12-12 13:10:36,292 [ERROR] ConditionMgr:805 - Attr not supported : Dmpu
2024-12-12 13:10:36,292 [ERROR] ConditionMgr:805 - Attr not supported : Dmpu
2024-12-12 13:10:36,293 [ERROR] ConditionMgr:805 - Attr not supported : Dmpu
2024-12-12 13:10:36,293 [ERROR] ConditionMgr:805 - Attr not supported : Dmpu
2024-12-12 13:10:36,293 [ERROR] ConditionMgr:805 - Attr not supported : Dmpu
2024-12-12 13:10:36,293 [ERROR] ConditionMgr:805 - Attr not supported : Dmpu
2024-12-12 13:10:36,293 [ERROR] ConditionMgr:805 - Attr not supported : Dmpu
2024-12-12 13:10:36,293 [ERROR] ConditionMgr:805 - Attr not supported : Dmpu
2024-12-12 13:10:36,293 [ERROR] ConditionMgr:805 - Attr not supported : Dmpu
2024-12-12 13:10:36,293 [ERROR] ConditionMgr:805 - Attr not supported : Dmpu
2024-12-12 13:10:36,293 [ERROR] ConditionMgr:805 - Attr not supported : Dmpu
2024-12-12 13:10:36,293 [ERROR] ConditionMgr:805 - Attr not supported : Dmpu
2024-12-12 13:10:36,293 [ERROR] ConditionMgr:805 - Attr not supported : Dmpu
2024-12-12 13:10:36,293 [ERROR] ConditionMgr:805 - Attr not supported : Dmpu
2024-12-12 13:10:36,294 [ERROR] ConditionMgr:805 - Attr not supported : Dmpu
2024-12-12 13:10:36,294 [ERROR] ConditionMgr:805 - Attr not supported : Dmpu
2024-12-12 13:10:36,294 [ERROR] ConditionMgr:805 - Attr not supported : Dmpu
2024-12-12 13:10:36,294 [ERROR] ConditionMgr:805 - Attr not supported : Dmpu
2024-12-12 13:10:36,294 [ERROR] ConditionMgr:805 - Attr not supported : Dmpu
2024-12-12 13:10:36,294 [ERROR] ConditionMgr:805 - Attr not supported : Dmpu
2024-12-12 13:10:36,294 [ERROR] ConditionMgr:805 - Attr not supported : Dmpu
2024-12-12 13:10:36,294 [ERROR] ConditionMgr:805 - Attr not supported : Dmpu
2024-12-12 13:10:36,294 [ERROR] ConditionMgr:805 - Attr not supported : Dmpu
2024-12-12 13:10:36,294 [ERROR] ConditionMgr:805 - Attr not supported : Dmpu
2024-12-12 13:10:36,294 [ERROR] ConditionMgr:805 - Attr not supported : Dmpu
2024-12-12 13:10:36,294 [ERROR] ConditionMgr:805 - Attr not supported : Dmpu
2024-12-12 13:10:36,295 [ERROR] ConditionMgr:805 - Attr not supported : Dmpu
2024-12-12 13:10:36,295 [ERROR] ConditionMgr:805 - Attr not supported : Dmpu
2024-12-12 13:10:36,295 [ERROR] ConditionMgr:805 - Attr not supported : Dmpu
2024-12-12 13:10:36,295 [ERROR] ConditionMgr:805 - Attr not supported : Dmpu
2024-12-12 13:10:36,295 [ERROR] ConditionMgr:805 - Attr not supported : Dmpu
2024-12-12 13:10:36,295 [ERROR] ConditionMgr:805 - Attr not supported : Dmpu
2024-12-12 13:10:36,295 [ERROR] ConditionMgr:805 - Attr not supported : Dmpu
2024-12-12 13:10:36,295 [ERROR] ConditionMgr:805 - Attr not supported : Dmpu
2024-12-12 13:10:36,295 [ERROR] ConditionMgr:805 - Attr not supported : Dmpu
2024-12-12 13:10:36,295 [ERROR] ConditionMgr:805 - Attr not supported : Dmpu
2024-12-12 13:10:36,295 [ERROR] ConditionMgr:805 - Attr not supported : Dmpu
2024-12-12 13:10:36,296 [ERROR] ConditionMgr:805 - Attr not supported : Dmpu
2024-12-12 13:10:36,296 [ERROR] ConditionMgr:805 - Attr not supported : Dmpu
2024-12-12 13:10:36,296 [ERROR] ConditionMgr:805 - Attr not supported : Dmpu
2024-12-12 13:10:36,296 [ERROR] ConditionMgr:805 - Attr not supported : Dmpu
2024-12-12 13:10:36,296 [ERROR] ConditionMgr:805 - Attr not supported : Dmpu
2024-12-12 13:10:36,296 [ERROR] ConditionMgr:805 - Attr not supported : Dmpu
2024-12-12 13:10:36,296 [ERROR] ConditionMgr:805 - Attr not supported : Dmpu
2024-12-12 13:10:36,296 [ERROR] ConditionMgr:805 - Attr not supported : Dmpu
2024-12-12 13:10:36,296 [ERROR] ConditionMgr:805 - Attr not supported : Dmpu
2024-12-12 13:10:36,296 [ERROR] ConditionMgr:805 - Attr not supported : Dmpu
2024-12-12 13:10:36,296 [ERROR] ConditionMgr:805 - Attr not supported : Dmpu
2024-12-12 13:10:36,296 [ERROR] ConditionMgr:805 - Attr not supported : Dmpu
2024-12-12 13:10:36,296 [ERROR] ConditionMgr:805 - Attr not supported : Dmpu
2024-12-12 13:10:36,296 [ERROR] ConditionMgr:805 - Attr not supported : Dmpu
2024-12-12 13:10:36,297 [ERROR] ConditionMgr:805 - Attr not supported : Dmpu
2024-12-12 13:10:36,297 [ERROR] ConditionMgr:805 - Attr not supported : Dmpu
2024-12-12 13:10:36,297 [ERROR] ConditionMgr:805 - Attr not supported : Dmpu
2024-12-12 13:10:36,301 [ERROR] Engine:466 - C:\Users\frado\.stm32cubemx\thirdparties\pdsc\STMicroelectronics.X-CUBE-TCPP.4.2.0.pdsc: PDSC version is not supported
2024-12-12 13:10:36,327 [WARN] PackLoader:240 - Cannot read IP mode file for RealThread.X-CUBE-RT-Thread_Nano.4.1.1
2024-12-12 13:10:36,333 [WARN] PackLoader:240 - Cannot read IP mode file for STMicroelectronics.FP-ATR-SIGFOX1.3.2.0
2024-12-12 13:10:36,339 [WARN] ConditionMgr:438 - getConditionDescription Invalid condition id : Cortex-A Device cause : null
2024-12-12 13:10:36,370 [WARN] ConditionMgr:1039 - genDependencies : Invalid condition id : Cortex-A Device cause : null
2024-12-12 13:10:36,371 [WARN] ConditionMgr:1039 - genDependencies : Invalid condition id : Cortex-A Device cause : null
2024-12-12 13:10:36,371 [WARN] ConditionMgr:1039 - genDependencies : Invalid condition id : Cortex-A Device cause : null
2024-12-12 13:10:36,394 [WARN] PackLoader:240 - Cannot read IP mode file for STMicroelectronics.X-CUBE-EEPRMA1.5.1.0
2024-12-12 13:10:36,410 [WARN] PackLoader:240 - Cannot read IP mode file for wolfSSL.I-CUBE-wolfSSL.5.7.4
2024-12-12 13:10:36,427 [WARN] PackLoader:240 - Cannot read IP mode file for ITTIA_DB.I-CUBE-ITTIADB.8.9.0
2024-12-12 13:10:36,459 [WARN] PackLoader:240 - Cannot read IP mode file for SEGGER.I-CUBE-embOS.1.3.1
2024-12-12 13:10:36,503 [WARN] PackLoader:240 - Cannot read IP mode file for STMicroelectronics.X-CUBE-ALGOBUILD.1.4.0
2024-12-12 13:10:36,520 [WARN] PackLoader:240 - Cannot read IP mode file for STMicroelectronics.X-CUBE-AI.9.1.0
2024-12-12 13:10:36,546 [WARN] PackLoader:240 - Cannot read IP mode file for STMicroelectronics.X-CUBE-AZRTOS-F4.1.1.0
2024-12-12 13:10:36,570 [WARN] PackLoader:240 - Cannot read IP mode file for STMicroelectronics.X-CUBE-ISPU.2.1.0
2024-12-12 13:10:36,587 [WARN] PackLoader:240 - Cannot read IP mode file for STMicroelectronics.X-CUBE-FREERTOS.1.2.0
2024-12-12 13:10:36,620 [WARN] PackLoader:240 - Cannot read IP mode file for STMicroelectronics.X-CUBE-AZRTOS-L5.2.0.0
2024-12-12 13:10:36,643 [WARN] PackLoader:240 - Cannot read IP mode file for STMicroelectronics.X-CUBE-NFC6.3.1.0
2024-12-12 13:10:36,660 [WARN] PackLoader:240 - Cannot read IP mode file for STMicroelectronics.X-CUBE-DPower.1.2.0
2024-12-12 13:10:36,663 [WARN] PackLoader:240 - Cannot read IP mode file for STMicroelectronics.X-CUBE-FREERTOS.1.3.0
2024-12-12 13:10:36,680 [WARN] PackLoader:240 - Cannot read IP mode file for STMicroelectronics.X-CUBE-NFC7.1.0.1
2024-12-12 13:10:36,708 [WARN] ConditionMgr:438 - getConditionDescription Invalid condition id : LAN8742 Phy interface Condition cause : null
2024-12-12 13:10:36,708 [WARN] PackLoader:240 - Cannot read IP mode file for STMicroelectronics.X-CUBE-AZRTOS-L4.2.0.0
2024-12-12 13:10:36,709 [WARN] ConditionMgr:1039 - genDependencies : Invalid condition id : LAN8742 Phy interface Condition cause : null
2024-12-12 13:10:36,710 [WARN] ConditionMgr:1039 - genDependencies : Invalid condition id : LAN8742 Phy interface Condition cause : null
2024-12-12 13:10:36,710 [WARN] ConditionMgr:1039 - genDependencies : Invalid condition id : LAN8742 Phy interface Condition cause : null
2024-12-12 13:10:36,729 [WARN] PackLoader:240 - Cannot read IP mode file for STMicroelectronics.X-CUBE-SFXS2LP1.4.0.0
2024-12-12 13:10:36,759 [WARN] PackLoader:240 - Cannot read IP mode file for STMicroelectronics.X-CUBE-AZRTOS-H7.3.3.0
2024-12-12 13:10:36,785 [WARN] PackLoader:240 - Cannot read IP mode file for STMicroelectronics.X-CUBE-IPS.3.0.0
2024-12-12 13:10:36,815 [WARN] ConditionMgr:438 - getConditionDescription Invalid condition id : UX DEVICE CLASS RTOS Condition cause : null
2024-12-12 13:10:36,816 [WARN] ConditionMgr:438 - getConditionDescription Invalid condition id : UX DEVICE CLASS RTOS Condition cause : null
2024-12-12 13:10:36,817 [WARN] PackLoader:240 - Cannot read IP mode file for STMicroelectronics.X-CUBE-AZRTOS-WB.2.0.0
2024-12-12 13:10:36,817 [WARN] ConditionMgr:1039 - genDependencies : Invalid condition id : UX DEVICE CLASS RTOS Condition cause : null
2024-12-12 13:10:36,817 [WARN] ConditionMgr:1039 - genDependencies : Invalid condition id : UX DEVICE CLASS RTOS Condition cause : null
2024-12-12 13:10:36,818 [WARN] ConditionMgr:1039 - genDependencies : Invalid condition id : UX DEVICE CLASS RTOS Condition cause : null
2024-12-12 13:10:36,818 [WARN] ConditionMgr:1039 - genDependencies : Invalid condition id : UX DEVICE CLASS RTOS Condition cause : null
2024-12-12 13:10:36,818 [WARN] ConditionMgr:1039 - genDependencies : Invalid condition id : UX DEVICE CLASS RTOS Condition cause : null
2024-12-12 13:10:36,837 [WARN] PackLoader:240 - Cannot read IP mode file for STMicroelectronics.X-CUBE-GNSS1.7.0.0
2024-12-12 13:10:36,855 [WARN] PackLoader:240 - Cannot read IP mode file for STMicroelectronics.FP-SNS-STBOX1.2.0.0
2024-12-12 13:10:36,877 [WARN] PackLoader:240 - Cannot read IP mode file for STMicroelectronics.X-CUBE-SUBG2.5.0.0
2024-12-12 13:10:36,886 [WARN] PackLoader:240 - Cannot read IP mode file for Cesanta.I-CUBE-Mongoose.7.13.0
2024-12-12 13:10:36,922 [WARN] PackLoader:240 - Cannot read IP mode file for STMicroelectronics.X-CUBE-AZRTOS-G4.2.0.0
2024-12-12 13:10:36,940 [WARN] PackLoader:240 - Cannot read IP mode file for STMicroelectronics.X-CUBE-ALS.1.0.2
2024-12-12 13:10:36,957 [WARN] PackLoader:240 - Cannot read IP mode file for STMicroelectronics.X-CUBE-TOUCHGFX.4.24.1
2024-12-12 13:10:36,961 [WARN] PackLoader:240 - Cannot read IP mode file for wolfSSL.I-CUBE-wolfTPM.3.4.0
2024-12-12 13:10:36,976 [WARN] PackLoader:240 - Cannot read IP mode file for portGmbH.I-Cube-SoM-uGOAL.1.1.0
2024-12-12 13:10:37,001 [WARN] PackLoader:240 - Cannot read IP mode file for STMicroelectronics.X-CUBE-AZRTOS-H7RS.1.0.0
2024-12-12 13:10:37,020 [WARN] PackLoader:240 - Cannot read IP mode file for STMicroelectronics.X-CUBE-TOF1.3.4.2
2024-12-12 13:10:37,052 [WARN] PackLoader:240 - Cannot read IP mode file for Infineon.AIROC-Wi-Fi-Bluetooth-STM32.1.6.1
2024-12-12 13:10:37,057 [WARN] PackLoader:240 - Cannot read IP mode file for wolfSSL.I-CUBE-wolfSSH.1.4.17
2024-12-12 13:10:37,057 [INFO] ThirdParty:978 - Integrity check success = true
2024-12-12 13:10:37,057 [INFO] IntegrityCheckThread:100 - exiting critical section [integrity check]
2024-12-12 13:10:37,057 [INFO] IntegrityCheckThread:103 - End integrity checks thread
2024-12-12 13:38:58,309 [ERROR] LogOutputStream:75 - [STDERR_REDIRECT] 
