2024-12-06 15:00:22,101 [INFO] Activator:176 - 


2024-12-06 15:00:22,110 [INFO] Activator:177 - !SESSION log4j initialized
2024-12-06 15:00:28,060 [INFO] LogOutputStream:77 - [STDOUT_REDIRECT] 
2024-12-06 15:00:28,475 [ERROR] ConfigurationRetriever:142 - IOException on connection: sw-center.st.com
2024-12-06 15:00:28,476 [ERROR] ConfigurationRetriever:142 - IOException on connection: sw-center.st.com
2024-12-06 15:00:28,477 [ERROR] ConfigurationRetriever:142 - IOException on connection: sw-center.st.com
2024-12-06 15:00:29,420 [INFO] ApplicationProperties:184 - Using Application install path: C:\ST\STM32CubeIDE_1.16.1\STM32CubeIDE\plugins\com.st.stm32cube.common.mx_6.12.1.202409122256
2024-12-06 15:00:29,452 [INFO] DbMcusXml:78 - Set database path to: C:\ST\STM32CubeIDE_1.16.1\STM32CubeIDE\plugins\com.st.stm32cube.common.mx_6.12.1.202409122256\\db\/mcu/
2024-12-06 15:00:29,453 [INFO] ApiDb:274 - Set plugin database path to: C:\ST\STM32CubeIDE_1.16.1\STM32CubeIDE\plugins\com.st.stm32cube.common.mx_6.12.1.202409122256\\db\/plugins/boardmanager/
2024-12-06 15:00:29,453 [WARN] ApiDb:259 - Overriding images path with different value:  => C:\ST\STM32CubeIDE_1.16.1\STM32CubeIDE\plugins\com.st.stm32cube.common.mx_6.12.1.202409122256\\db\/plugins/mcufinder/images/
2024-12-06 15:00:29,479 [INFO] ApiDb:250 - Set database path to: C:\Users\frado\.stmcufinder\plugins\mcufinder//mcu/
2024-12-06 15:00:29,480 [INFO] DbMcusAds:125 - Set database path to: C:\Users\frado\.stmcufinder\plugins\mcufinder//mcu/
2024-12-06 15:00:29,486 [INFO] CrossReferenceDbSqlite:203 - Set database path to: C:\Users\frado\.stmcufinder\plugins\mcufinder//mcu/cs/
2024-12-06 15:00:29,684 [INFO] RulesReader:64 - Compatibility file has been processed (297 Rules)
2024-12-06 15:00:29,844 [INFO] DbMcusXml:78 - Set database path to: C:\ST\STM32CubeIDE_1.16.1\STM32CubeIDE\plugins\com.st.stm32cube.common.mx_6.12.1.202409122256\\db\/mcu/
2024-12-06 15:00:29,844 [INFO] ApiDb:274 - Set plugin database path to: C:\ST\STM32CubeIDE_1.16.1\STM32CubeIDE\plugins\com.st.stm32cube.common.mx_6.12.1.202409122256\\db\/plugins/boardmanager/
2024-12-06 15:00:29,845 [INFO] ApiDb:261 - Set plugin images path to: C:\ST\STM32CubeIDE_1.16.1\STM32CubeIDE\plugins\com.st.stm32cube.common.mx_6.12.1.202409122256\\db\/plugins/mcufinder/images/
2024-12-06 15:00:29,845 [WARN] DbFile:41 - Overriding database path with different value: C:\Users\frado\.stmcufinder\plugins\mcufinder/ => C:\Users\frado\.stmcufinder\plugins\mcufinder
2024-12-06 15:00:29,845 [INFO] ApiDb:250 - Set database path to: C:\Users\frado\.stmcufinder\plugins\mcufinder//mcu/
2024-12-06 15:00:29,845 [WARN] DbFile:41 - Overriding database path with different value: C:\Users\frado\.stmcufinder\plugins\mcufinder/ => C:\Users\frado\.stmcufinder\plugins\mcufinder
2024-12-06 15:00:29,845 [INFO] DbMcusAds:125 - Set database path to: C:\Users\frado\.stmcufinder\plugins\mcufinder//mcu/
2024-12-06 15:00:29,846 [WARN] DbFile:41 - Overriding database path with different value: C:\Users\frado\.stmcufinder\plugins\mcufinder/ => C:\Users\frado\.stmcufinder\plugins\mcufinder
2024-12-06 15:00:29,846 [WARN] DbFile:41 - Overriding database path with different value: C:\Users\frado\.stmcufinder\plugins\mcufinder/ => C:\Users\frado\.stmcufinder\plugins\mcufinder
2024-12-06 15:00:29,846 [INFO] CrossReferenceDbSqlite:203 - Set database path to: C:\Users\frado\.stmcufinder\plugins\mcufinder//mcu/cs/
2024-12-06 15:00:29,981 [INFO] MainPanel:268 - HeapMemory: 268435456
2024-12-06 15:00:30,132 [INFO] DbMcusXml:78 - Set database path to: C:\ST\STM32CubeIDE_1.16.1\STM32CubeIDE\plugins\com.st.stm32cube.common.mx_6.12.1.202409122256\\db\/mcu/
2024-12-06 15:00:30,132 [INFO] ApiDb:274 - Set plugin database path to: C:\ST\STM32CubeIDE_1.16.1\STM32CubeIDE\plugins\com.st.stm32cube.common.mx_6.12.1.202409122256\\db\/plugins/boardmanager/
2024-12-06 15:00:30,132 [INFO] ApiDb:261 - Set plugin images path to: C:\ST\STM32CubeIDE_1.16.1\STM32CubeIDE\plugins\com.st.stm32cube.common.mx_6.12.1.202409122256\\db\/plugins/mcufinder/images/
2024-12-06 15:00:30,133 [WARN] DbFile:41 - Overriding database path with different value: C:\Users\frado\.stmcufinder\plugins\mcufinder/ => C:\Users\frado\.stmcufinder\plugins\mcufinder
2024-12-06 15:00:30,133 [INFO] ApiDb:250 - Set database path to: C:\Users\frado\.stmcufinder\plugins\mcufinder//mcu/
2024-12-06 15:00:30,133 [WARN] DbFile:41 - Overriding database path with different value: C:\Users\frado\.stmcufinder\plugins\mcufinder/ => C:\Users\frado\.stmcufinder\plugins\mcufinder
2024-12-06 15:00:30,133 [INFO] DbMcusAds:125 - Set database path to: C:\Users\frado\.stmcufinder\plugins\mcufinder//mcu/
2024-12-06 15:00:30,133 [WARN] DbFile:41 - Overriding database path with different value: C:\Users\frado\.stmcufinder\plugins\mcufinder/ => C:\Users\frado\.stmcufinder\plugins\mcufinder
2024-12-06 15:00:30,133 [WARN] DbFile:41 - Overriding database path with different value: C:\Users\frado\.stmcufinder\plugins\mcufinder/ => C:\Users\frado\.stmcufinder\plugins\mcufinder
2024-12-06 15:00:30,133 [INFO] CrossReferenceDbSqlite:203 - Set database path to: C:\Users\frado\.stmcufinder\plugins\mcufinder//mcu/cs/
2024-12-06 15:00:30,162 [INFO] ApplicationProperties:184 - Using Application install path: C:\ST\STM32CubeIDE_1.16.1\STM32CubeIDE\plugins\com.st.stm32cube.common.mx_6.12.1.202409122256
2024-12-06 15:00:30,164 [INFO] PluginManage:196 - Search for loadable plugins [exclusion list=, ]
2024-12-06 15:00:30,166 [INFO] PluginManage:310 - Check plugin analytics
2024-12-06 15:00:30,415 [INFO] AnalyticsPlugin:253 - Accepted Software Licenses: STM32CubeMX.6.12.1
2024-12-06 15:00:30,415 [INFO] AnalyticsPlugin:255 - Accepted CMSIS Pack Licenses: 
2024-12-06 15:00:30,415 [INFO] AnalyticsPlugin:257 - Accepted Firmware Licenses: FW.F4.1.28.0,FW.L4.1.18.0,FW.H7.1.11.0
2024-12-06 15:00:30,419 [INFO] PluginManage:359 - Loaded plugin analytics (category:tool,tabindex:-1)
2024-12-06 15:00:30,419 [ERROR] ConfigurationRetriever:142 - IOException on connection: sw-center.st.com
2024-12-06 15:00:30,419 [INFO] PluginManage:310 - Check plugin cadmodel
2024-12-06 15:00:30,420 [ERROR] ConfigurationRetriever:142 - IOException on connection: sw-center.st.com
2024-12-06 15:00:30,420 [ERROR] ConfigurationRetriever:142 - IOException on connection: sw-center.st.com
2024-12-06 15:00:30,427 [INFO] CADModel:105 - Init CAD model plugin
2024-12-06 15:00:30,427 [INFO] PluginManage:359 - Loaded plugin cadmodel (category:power,tabindex:5)
2024-12-06 15:00:30,428 [INFO] PluginManage:310 - Check plugin clock
2024-12-06 15:00:30,443 [INFO] PluginManage:359 - Loaded plugin clock (category:base,tabindex:2)
2024-12-06 15:00:30,444 [INFO] PluginManage:310 - Check plugin ddr
2024-12-06 15:00:30,447 [INFO] PluginManage:359 - Loaded plugin ddr (category:tool,tabindex:6)
2024-12-06 15:00:30,448 [INFO] PluginManage:310 - Check plugin filemanager
2024-12-06 15:00:30,659 [INFO] PluginManage:359 - Loaded plugin filemanager (category:base,tabindex:10)
2024-12-06 15:00:30,659 [INFO] PluginManage:310 - Check plugin ipmanager
2024-12-06 15:00:30,670 [INFO] PluginManage:359 - Loaded plugin ipmanager (category:base,tabindex:5)
2024-12-06 15:00:30,671 [INFO] PluginManage:310 - Check plugin lpbam
2024-12-06 15:00:30,683 [INFO] PluginManage:359 - Loaded plugin lpbam (category:base,tabindex:0)
2024-12-06 15:00:30,683 [INFO] PluginManage:310 - Check plugin memorymap
2024-12-06 15:00:30,704 [INFO] PluginManage:359 - Loaded plugin memorymap (category:base,tabindex:4)
2024-12-06 15:00:30,704 [INFO] PluginManage:310 - Check plugin pinoutandconfiguration
2024-12-06 15:00:30,717 [INFO] PluginManage:359 - Loaded plugin pinoutandconfiguration (category:base,tabindex:1)
2024-12-06 15:00:30,717 [INFO] PluginManage:310 - Check plugin pinoutconfig
2024-12-06 15:00:30,845 [WARN] SupportedApi:132 - Cannot load RTOS API schema: s4s-elt-must-match.1: The content of 'definitions' must match (annotation?, (simpleType | complexType)?, (unique | key | keyref)*)). A problem was found starting at: attribute.
2024-12-06 15:00:31,033 [INFO] PluginManage:359 - Loaded plugin pinoutconfig (category:base,tabindex:0)
2024-12-06 15:00:31,033 [INFO] PluginManage:310 - Check plugin power
2024-12-06 15:00:31,048 [INFO] PluginManage:359 - Loaded plugin power (category:power,tabindex:4)
2024-12-06 15:00:31,048 [INFO] PluginManage:310 - Check plugin projectmanager
2024-12-06 15:00:31,071 [INFO] PluginManage:359 - Loaded plugin projectmanager (category:projectmanager,tabindex:4)
2024-12-06 15:00:31,071 [INFO] PluginManage:310 - Check plugin rif
2024-12-06 15:00:31,080 [INFO] PluginManage:359 - Loaded plugin rif (category:base,tabindex:3)
2024-12-06 15:00:31,080 [INFO] PluginManage:310 - Check plugin thirdparty
2024-12-06 15:00:31,266 [INFO] PluginManage:359 - Loaded plugin thirdparty (category:base,tabindex:-1)
2024-12-06 15:00:31,266 [WARN] IntegrityCheckThread:84 - waiting for thirdparty lock release [integrity check]
2024-12-06 15:00:31,266 [INFO] PluginManage:310 - Check plugin tools
2024-12-06 15:00:31,266 [INFO] IntegrityCheckThread:86 - entering critical section [integrity check]
2024-12-06 15:00:31,267 [INFO] ThirdPartyUpdaterWithRetryManager:70 - Updater plugin not ready yet. [1/15]
2024-12-06 15:00:31,271 [INFO] PluginManage:359 - Loaded plugin tools (category:base,tabindex:7)
2024-12-06 15:00:31,271 [INFO] PluginManage:310 - Check plugin tutovideos
2024-12-06 15:00:31,555 [INFO] PluginManage:359 - Loaded plugin tutovideos (category:base,tabindex:-1)
2024-12-06 15:00:31,555 [INFO] PluginManage:310 - Check plugin updater
2024-12-06 15:00:31,581 [INFO] PluginManage:359 - Loaded plugin updater (category:base,tabindex:12)
2024-12-06 15:00:31,582 [INFO] PluginManage:310 - Check plugin userauth
2024-12-06 15:00:31,590 [INFO] UserAuth:113 - Init User Auth plugin
2024-12-06 15:00:31,590 [INFO] PluginManage:359 - Loaded plugin userauth (category:base,tabindex:14)
2024-12-06 15:00:31,591 [INFO] PluginManage:283 - PluginManage : Loaded plugins [18]
2024-12-06 15:00:31,924 [INFO] PinOutPanel:1561 - setPackage(No Configuration,No Configuration)
2024-12-06 15:00:32,066 [INFO] CADModel:165 - CPN selected for project level
2024-12-06 15:00:32,066 [INFO] CADModel:114 - Register for checkConnection events
2024-12-06 15:00:32,093 [INFO] IPUIPlugin:80 - create IPUIPlugin
2024-12-06 15:00:32,093 [INFO] PluginManager:220 - loadIPPluginJar : add adc
2024-12-06 15:00:32,098 [INFO] IPUIPlugin:80 - create IPUIPlugin
2024-12-06 15:00:32,098 [INFO] PluginManager:220 - loadIPPluginJar : add aes
2024-12-06 15:00:32,103 [INFO] IPUIPlugin:80 - create IPUIPlugin
2024-12-06 15:00:32,103 [INFO] PluginManager:220 - loadIPPluginJar : add can
2024-12-06 15:00:32,106 [INFO] IPUIPlugin:80 - create IPUIPlugin
2024-12-06 15:00:32,106 [INFO] PluginManager:220 - loadIPPluginJar : add comp
2024-12-06 15:00:32,110 [INFO] IPUIPlugin:80 - create IPUIPlugin
2024-12-06 15:00:32,110 [INFO] PluginManager:220 - loadIPPluginJar : add cryp
2024-12-06 15:00:32,114 [INFO] IPUIPlugin:80 - create IPUIPlugin
2024-12-06 15:00:32,115 [INFO] PluginManager:220 - loadIPPluginJar : add ddr_ctrl_phy
2024-12-06 15:00:32,118 [INFO] IPUIPlugin:80 - create IPUIPlugin
2024-12-06 15:00:32,118 [INFO] PluginManager:220 - loadIPPluginJar : add dfsdm
2024-12-06 15:00:32,125 [INFO] IPUIPlugin:80 - create IPUIPlugin
2024-12-06 15:00:32,126 [INFO] PluginManager:220 - loadIPPluginJar : add dma
2024-12-06 15:00:32,130 [INFO] IPUIPlugin:80 - create IPUIPlugin
2024-12-06 15:00:32,130 [INFO] PluginManager:220 - loadIPPluginJar : add dma3
2024-12-06 15:00:32,134 [INFO] IPUIPlugin:80 - create IPUIPlugin
2024-12-06 15:00:32,134 [INFO] PluginManager:220 - loadIPPluginJar : add extmemmanager
2024-12-06 15:00:32,136 [INFO] IPUIPlugin:80 - create IPUIPlugin
2024-12-06 15:00:32,136 [INFO] PluginManager:220 - loadIPPluginJar : add fatfs
2024-12-06 15:00:32,142 [INFO] IPUIPlugin:80 - create IPUIPlugin
2024-12-06 15:00:32,142 [INFO] PluginManager:220 - loadIPPluginJar : add fmc
2024-12-06 15:00:32,151 [INFO] IPUIPlugin:80 - create IPUIPlugin
2024-12-06 15:00:32,151 [INFO] PluginManager:220 - loadIPPluginJar : add freertos
2024-12-06 15:00:32,153 [INFO] IPUIPlugin:80 - create IPUIPlugin
2024-12-06 15:00:32,154 [INFO] PluginManager:220 - loadIPPluginJar : add genericplugin
2024-12-06 15:00:32,157 [INFO] IPUIPlugin:80 - create IPUIPlugin
2024-12-06 15:00:32,157 [INFO] PluginManager:220 - loadIPPluginJar : add gfxmmu
2024-12-06 15:00:32,164 [INFO] IPUIPlugin:80 - create IPUIPlugin
2024-12-06 15:00:32,165 [INFO] PluginManager:220 - loadIPPluginJar : add gic
2024-12-06 15:00:32,171 [INFO] IPUIPlugin:80 - create IPUIPlugin
2024-12-06 15:00:32,171 [INFO] PluginManager:220 - loadIPPluginJar : add gpio
2024-12-06 15:00:32,176 [INFO] IPUIPlugin:80 - create IPUIPlugin
2024-12-06 15:00:32,176 [INFO] PluginManager:220 - loadIPPluginJar : add gtzc
2024-12-06 15:00:32,180 [INFO] IPUIPlugin:80 - create IPUIPlugin
2024-12-06 15:00:32,181 [INFO] PluginManager:220 - loadIPPluginJar : add hash
2024-12-06 15:00:32,185 [INFO] IPUIPlugin:80 - create IPUIPlugin
2024-12-06 15:00:32,185 [INFO] PluginManager:220 - loadIPPluginJar : add i2c
2024-12-06 15:00:32,189 [INFO] IPUIPlugin:80 - create IPUIPlugin
2024-12-06 15:00:32,190 [INFO] PluginManager:220 - loadIPPluginJar : add i2s
2024-12-06 15:00:32,194 [INFO] IPUIPlugin:80 - create IPUIPlugin
2024-12-06 15:00:32,194 [INFO] PluginManager:220 - loadIPPluginJar : add i3c
2024-12-06 15:00:32,199 [INFO] IPUIPlugin:80 - create IPUIPlugin
2024-12-06 15:00:32,200 [INFO] PluginManager:220 - loadIPPluginJar : add ipddr
2024-12-06 15:00:32,211 [INFO] IPUIPlugin:80 - create IPUIPlugin
2024-12-06 15:00:32,211 [INFO] PluginManager:220 - loadIPPluginJar : add linkedlist
2024-12-06 15:00:32,216 [INFO] IPUIPlugin:80 - create IPUIPlugin
2024-12-06 15:00:32,216 [INFO] PluginManager:220 - loadIPPluginJar : add lorawan
2024-12-06 15:00:32,218 [INFO] IPUIPlugin:80 - create IPUIPlugin
2024-12-06 15:00:32,218 [INFO] PluginManager:220 - loadIPPluginJar : add ltdc
2024-12-06 15:00:32,227 [INFO] IPUIPlugin:80 - create IPUIPlugin
2024-12-06 15:00:32,227 [INFO] PluginManager:220 - loadIPPluginJar : add mdma
2024-12-06 15:00:32,232 [INFO] IPUIPlugin:80 - create IPUIPlugin
2024-12-06 15:00:32,232 [INFO] PluginManager:220 - loadIPPluginJar : add nvic
2024-12-06 15:00:32,236 [INFO] IPUIPlugin:80 - create IPUIPlugin
2024-12-06 15:00:32,237 [INFO] PluginManager:220 - loadIPPluginJar : add opamp
2024-12-06 15:00:32,242 [INFO] IPUIPlugin:80 - create IPUIPlugin
2024-12-06 15:00:32,242 [INFO] PluginManager:220 - loadIPPluginJar : add openamp
2024-12-06 15:00:32,246 [INFO] IPUIPlugin:80 - create IPUIPlugin
2024-12-06 15:00:32,246 [INFO] PluginManager:220 - loadIPPluginJar : add pdm2pcm
2024-12-06 15:00:32,254 [INFO] IPUIPlugin:80 - create IPUIPlugin
2024-12-06 15:00:32,258 [INFO] PluginManager:220 - loadIPPluginJar : add plateformsettings
2024-12-06 15:00:32,260 [INFO] IPUIPlugin:80 - create IPUIPlugin
2024-12-06 15:00:32,260 [INFO] PluginManager:220 - loadIPPluginJar : add quadspi
2024-12-06 15:00:32,263 [INFO] IPUIPlugin:80 - create IPUIPlugin
2024-12-06 15:00:32,263 [INFO] PluginManager:220 - loadIPPluginJar : add radio
2024-12-06 15:00:32,269 [INFO] IPUIPlugin:80 - create IPUIPlugin
2024-12-06 15:00:32,269 [INFO] PluginManager:220 - loadIPPluginJar : add resmgrutility
2024-12-06 15:00:32,274 [INFO] IPUIPlugin:80 - create IPUIPlugin
2024-12-06 15:00:32,274 [INFO] PluginManager:220 - loadIPPluginJar : add sai
2024-12-06 15:00:32,277 [INFO] IPUIPlugin:80 - create IPUIPlugin
2024-12-06 15:00:32,277 [INFO] PluginManager:220 - loadIPPluginJar : add spi
2024-12-06 15:00:32,284 [INFO] IPUIPlugin:80 - create IPUIPlugin
2024-12-06 15:00:32,285 [INFO] PluginManager:220 - loadIPPluginJar : add stm32_wpan
2024-12-06 15:00:32,287 [INFO] IPUIPlugin:80 - create IPUIPlugin
2024-12-06 15:00:32,288 [INFO] PluginManager:220 - loadIPPluginJar : add tim
2024-12-06 15:00:32,292 [INFO] IPUIPlugin:80 - create IPUIPlugin
2024-12-06 15:00:32,293 [INFO] PluginManager:220 - loadIPPluginJar : add touchsensing
2024-12-06 15:00:32,295 [INFO] IPUIPlugin:80 - create IPUIPlugin
2024-12-06 15:00:32,295 [INFO] PluginManager:220 - loadIPPluginJar : add tracer_emb
2024-12-06 15:00:32,298 [INFO] IPUIPlugin:80 - create IPUIPlugin
2024-12-06 15:00:32,298 [INFO] PluginManager:220 - loadIPPluginJar : add ts
2024-12-06 15:00:32,301 [INFO] IPUIPlugin:80 - create IPUIPlugin
2024-12-06 15:00:32,301 [INFO] PluginManager:220 - loadIPPluginJar : add tsc
2024-12-06 15:00:32,304 [INFO] IPUIPlugin:80 - create IPUIPlugin
2024-12-06 15:00:32,304 [INFO] PluginManager:220 - loadIPPluginJar : add ucpd
2024-12-06 15:00:32,307 [INFO] IPUIPlugin:80 - create IPUIPlugin
2024-12-06 15:00:32,308 [INFO] PluginManager:220 - loadIPPluginJar : add usart
2024-12-06 15:00:32,312 [INFO] IPUIPlugin:80 - create IPUIPlugin
2024-12-06 15:00:32,312 [INFO] PluginManager:220 - loadIPPluginJar : add usbx
2024-12-06 15:00:32,483 [INFO] CADModel:165 - CPN selected for project level
2024-12-06 15:00:32,484 [INFO] CADModel:114 - Register for checkConnection events
2024-12-06 15:00:32,484 [FATAL] Updater:334 - Updater called before beeing initialized
2024-12-06 15:00:32,484 [ERROR] CADModel:125 - Updater not yet initialized, retry later 
2024-12-06 15:00:32,687 [INFO] CADModel:165 - CPN selected for project level
2024-12-06 15:00:32,687 [INFO] CADModel:114 - Register for checkConnection events
2024-12-06 15:00:32,687 [FATAL] Updater:334 - Updater called before beeing initialized
2024-12-06 15:00:32,687 [ERROR] CADModel:125 - Updater not yet initialized, retry later 
2024-12-06 15:00:32,693 [FATAL] Updater:334 - Updater called before beeing initialized
2024-12-06 15:00:32,840 [FATAL] Updater:334 - Updater called before beeing initialized
2024-12-06 15:00:32,846 [INFO] DbMcusAds:53 - JSON generation date=Fri Sep 20 15:04:23 CEST 2024 (1726837463113)
2024-12-06 15:00:32,847 [FATAL] Updater:334 - Updater called before beeing initialized
2024-12-06 15:00:32,905 [WARN] DetailPanel:346 - Failed to get advertising image, set to default
2024-12-06 15:00:33,073 [FATAL] Updater:334 - Updater called before beeing initialized
2024-12-06 15:00:33,076 [FATAL] Updater:334 - Updater called before beeing initialized
2024-12-06 15:00:33,076 [FATAL] Updater:334 - Updater called before beeing initialized
2024-12-06 15:00:33,076 [WARN] DetailPanel:346 - Failed to get advertising image, set to default
2024-12-06 15:00:33,077 [FATAL] Updater:334 - Updater called before beeing initialized
2024-12-06 15:00:33,154 [ERROR] Updater:1164 - MainUpdater not yet initialized. External WinMGr cannot be set.
2024-12-06 15:00:33,157 [INFO] Updater:1100 - Updater Version found : 6.12.1
2024-12-06 15:00:33,184 [INFO] ApplicationProperties:184 - Using Application install path: C:\ST\STM32CubeIDE_1.16.1\STM32CubeIDE\plugins\com.st.stm32cube.common.mx_6.12.1.202409122256
2024-12-06 15:00:34,268 [INFO] ThirdPartyUpdaterWithRetryManager:70 - Updater plugin not ready yet. [2/15]
2024-12-06 15:00:34,776 [ERROR] LogOutputStream:75 - [STDERR_REDIRECT] Dec 06, 2024 3:00:34 PM java.util.prefs.WindowsPreferences <init>
2024-12-06 15:00:34,778 [ERROR] LogOutputStream:75 - [STDERR_REDIRECT] WARNING: Could not open/create prefs root node Software\JavaSoft\Prefs at root 0xffffffff80000002. Windows RegCreateKeyEx(...) returned error code 5.
2024-12-06 15:00:34,779 [ERROR] LogOutputStream:75 - [STDERR_REDIRECT] 
2024-12-06 15:00:35,196 [INFO] MainUpdater:2873 - connection check result : 22
2024-12-06 15:00:35,197 [INFO] MainUpdater:290 - Updater Check For Update Now.
2024-12-06 15:00:35,197 [INFO] MicroXplorer:498 - Change Database Version : DB.6.0.121
2024-12-06 15:00:35,208 [INFO] McuFinderGlobals:63 - Set McuFinder mode to 2 (CubeIDE integrated)
2024-12-06 15:00:35,209 [INFO] UserAuth:417 - Internet connection configuration mode: 2
2024-12-06 15:00:35,223 [INFO] UserAuth:417 - Internet connection configuration mode: 2
2024-12-06 15:00:35,450 [INFO] CheckServerUpdateThread:120 - End of CheckServer Thread
2024-12-06 15:00:37,627 [WARN] PackLoader:240 - Cannot read IP mode file for STMicroelectronics.FP-SNS-MOTENVWB1.1.4.0
2024-12-06 15:00:37,643 [WARN] PackLoader:240 - Cannot read IP mode file for STMicroelectronics.FP-ATR-ASTRA1.2.0.1
2024-12-06 15:00:37,658 [WARN] PackLoader:240 - Cannot read IP mode file for STMicroelectronics.X-CUBE-SMBUS.2.1.0
2024-12-06 15:00:37,673 [WARN] PackLoader:240 - Cannot read IP mode file for STMicroelectronics.X-CUBE-WB05N.1.1.0
2024-12-06 15:00:37,732 [WARN] PackLoader:240 - Cannot read IP mode file for STMicroelectronics.X-CUBE-AZRTOS-F7.1.1.0
2024-12-06 15:00:37,864 [WARN] PackLoader:240 - Cannot read IP mode file for STMicroelectronics.X-CUBE-MEMS1.11.0.0
2024-12-06 15:00:38,184 [WARN] PackLoader:240 - Cannot read IP mode file for STMicroelectronics.FP-SNS-FLIGHT1.5.0.2
2024-12-06 15:00:38,197 [WARN] PackLoader:240 - Cannot read IP mode file for STMicroelectronics.X-CUBE-DISPLAY.3.0.0
2024-12-06 15:00:38,209 [WARN] PackLoader:240 - Cannot read IP mode file for STMicroelectronics.X-CUBE-BLE1.7.0.0
2024-12-06 15:00:38,222 [WARN] PackLoader:240 - Cannot read IP mode file for STMicroelectronics.X-CUBE-NFC10.1.0.0
2024-12-06 15:00:38,232 [WARN] PackLoader:240 - Cannot read IP mode file for emotas.I-CUBE-CANOPEN.1.3.0
2024-12-06 15:00:38,244 [WARN] PackLoader:240 - Cannot read IP mode file for STMicroelectronics.X-CUBE-BLEMGR.3.1.0
2024-12-06 15:00:38,255 [WARN] PackLoader:240 - Cannot read IP mode file for STMicroelectronics.FP-SNS-SMARTAG2.1.2.0
2024-12-06 15:00:38,272 [INFO] LogOutputStream:77 - [STDOUT_REDIRECT] 1 : Invalid condition id : UX_CORESTACK_Condition cause : null
2024-12-06 15:00:38,273 [INFO] LogOutputStream:77 - [STDOUT_REDIRECT] 1 : Invalid condition id : UX_CORESTACK_Condition cause : null
2024-12-06 15:00:38,275 [INFO] LogOutputStream:77 - [STDOUT_REDIRECT] 1 : Invalid condition id : UX_CORESTACK_Condition cause : null
2024-12-06 15:00:38,277 [INFO] LogOutputStream:77 - [STDOUT_REDIRECT] 1 : Invalid condition id : UX_CORESTACK_Condition cause : null
2024-12-06 15:00:38,278 [INFO] LogOutputStream:77 - [STDOUT_REDIRECT] 1 : Invalid condition id : UX_CORESTACK_Condition cause : null
2024-12-06 15:00:38,282 [WARN] PackLoader:240 - Cannot read IP mode file for STMicroelectronics.X-CUBE-AZRTOS-WL.2.0.0
2024-12-06 15:00:38,291 [WARN] PackLoader:240 - Cannot read IP mode file for STMicroelectronics.FP-SNS-MOTENV1.5.0.0
2024-12-06 15:00:38,299 [WARN] PackLoader:240 - Cannot read IP mode file for wolfSSL.I-CUBE-wolfMQTT.1.19.0
2024-12-06 15:00:38,311 [WARN] PackLoader:240 - Cannot read IP mode file for WES.I-CUBE-Cesium.1.3.0
2024-12-06 15:00:38,320 [WARN] PackLoader:240 - Cannot read IP mode file for STMicroelectronics.X-CUBE-BLE2.3.3.0
2024-12-06 15:00:38,331 [WARN] PackLoader:240 - Cannot read IP mode file for STMicroelectronics.X-CUBE-NFC9.1.0.0
2024-12-06 15:00:38,342 [WARN] PackLoader:240 - Cannot read IP mode file for STMicroelectronics.X-CUBE-TCPP.4.1.0
2024-12-06 15:00:38,367 [WARN] PackLoader:240 - Cannot read IP mode file for STMicroelectronics.X-CUBE-AZRTOS-G0.1.1.0
2024-12-06 15:00:38,382 [WARN] PackLoader:240 - Cannot read IP mode file for STMicroelectronics.X-CUBE-SAFEA1.1.2.2
2024-12-06 15:00:38,395 [WARN] PackLoader:240 - Cannot read IP mode file for STMicroelectronics.X-CUBE-NFC4.3.0.0
2024-12-06 15:00:38,415 [WARN] PackLoader:240 - Cannot read IP mode file for EmbeddedOffice.I-CUBE-FS-RTOS.1.0.1
2024-12-06 15:00:38,416 [ERROR] ConditionMgr:805 - Attr not supported : Dmpu
2024-12-06 15:00:38,417 [ERROR] ConditionMgr:805 - Attr not supported : Dmpu
2024-12-06 15:00:38,417 [ERROR] ConditionMgr:805 - Attr not supported : Dmpu
2024-12-06 15:00:38,417 [ERROR] ConditionMgr:805 - Attr not supported : Dmpu
2024-12-06 15:00:38,427 [ERROR] ConditionMgr:805 - Attr not supported : Dmpu
2024-12-06 15:00:38,427 [ERROR] ConditionMgr:805 - Attr not supported : Dmpu
2024-12-06 15:00:38,428 [ERROR] ConditionMgr:805 - Attr not supported : Dmpu
2024-12-06 15:00:38,428 [ERROR] ConditionMgr:805 - Attr not supported : Dmpu
2024-12-06 15:00:38,428 [ERROR] ConditionMgr:805 - Attr not supported : Dmpu
2024-12-06 15:00:38,428 [ERROR] ConditionMgr:805 - Attr not supported : Dmpu
2024-12-06 15:00:38,428 [ERROR] ConditionMgr:805 - Attr not supported : Dmpu
2024-12-06 15:00:38,429 [ERROR] ConditionMgr:805 - Attr not supported : Dmpu
2024-12-06 15:00:38,429 [ERROR] ConditionMgr:805 - Attr not supported : Dmpu
2024-12-06 15:00:38,429 [ERROR] ConditionMgr:805 - Attr not supported : Dmpu
2024-12-06 15:00:38,429 [ERROR] ConditionMgr:805 - Attr not supported : Dmpu
2024-12-06 15:00:38,429 [ERROR] ConditionMgr:805 - Attr not supported : Dmpu
2024-12-06 15:00:38,430 [ERROR] ConditionMgr:805 - Attr not supported : Dmpu
2024-12-06 15:00:38,430 [ERROR] ConditionMgr:805 - Attr not supported : Dmpu
2024-12-06 15:00:38,430 [ERROR] ConditionMgr:805 - Attr not supported : Dmpu
2024-12-06 15:00:38,430 [ERROR] ConditionMgr:805 - Attr not supported : Dmpu
2024-12-06 15:00:38,430 [ERROR] ConditionMgr:805 - Attr not supported : Dmpu
2024-12-06 15:00:38,430 [ERROR] ConditionMgr:805 - Attr not supported : Dmpu
2024-12-06 15:00:38,431 [ERROR] ConditionMgr:805 - Attr not supported : Dmpu
2024-12-06 15:00:38,431 [ERROR] ConditionMgr:805 - Attr not supported : Dmpu
2024-12-06 15:00:38,431 [ERROR] ConditionMgr:805 - Attr not supported : Dmpu
2024-12-06 15:00:38,431 [ERROR] ConditionMgr:805 - Attr not supported : Dmpu
2024-12-06 15:00:38,431 [ERROR] ConditionMgr:805 - Attr not supported : Dmpu
2024-12-06 15:00:38,431 [ERROR] ConditionMgr:805 - Attr not supported : Dmpu
2024-12-06 15:00:38,432 [ERROR] ConditionMgr:805 - Attr not supported : Dmpu
2024-12-06 15:00:38,432 [ERROR] ConditionMgr:805 - Attr not supported : Dmpu
2024-12-06 15:00:38,432 [ERROR] ConditionMgr:805 - Attr not supported : Dmpu
2024-12-06 15:00:38,432 [ERROR] ConditionMgr:805 - Attr not supported : Dmpu
2024-12-06 15:00:38,432 [ERROR] ConditionMgr:805 - Attr not supported : Dmpu
2024-12-06 15:00:38,432 [ERROR] ConditionMgr:805 - Attr not supported : Dmpu
2024-12-06 15:00:38,433 [ERROR] ConditionMgr:805 - Attr not supported : Dmpu
2024-12-06 15:00:38,433 [ERROR] ConditionMgr:805 - Attr not supported : Dmpu
2024-12-06 15:00:38,433 [ERROR] ConditionMgr:805 - Attr not supported : Dmpu
2024-12-06 15:00:38,434 [ERROR] ConditionMgr:805 - Attr not supported : Dmpu
2024-12-06 15:00:38,434 [ERROR] ConditionMgr:805 - Attr not supported : Dmpu
2024-12-06 15:00:38,434 [ERROR] ConditionMgr:805 - Attr not supported : Dmpu
2024-12-06 15:00:38,434 [ERROR] ConditionMgr:805 - Attr not supported : Dmpu
2024-12-06 15:00:38,434 [ERROR] ConditionMgr:805 - Attr not supported : Dmpu
2024-12-06 15:00:38,434 [ERROR] ConditionMgr:805 - Attr not supported : Dmpu
2024-12-06 15:00:38,434 [ERROR] ConditionMgr:805 - Attr not supported : Dmpu
2024-12-06 15:00:38,435 [ERROR] ConditionMgr:805 - Attr not supported : Dmpu
2024-12-06 15:00:38,435 [ERROR] ConditionMgr:805 - Attr not supported : Dmpu
2024-12-06 15:00:38,435 [ERROR] ConditionMgr:805 - Attr not supported : Dmpu
2024-12-06 15:00:38,435 [ERROR] ConditionMgr:805 - Attr not supported : Dmpu
2024-12-06 15:00:38,435 [ERROR] ConditionMgr:805 - Attr not supported : Dmpu
2024-12-06 15:00:38,435 [ERROR] ConditionMgr:805 - Attr not supported : Dmpu
2024-12-06 15:00:38,435 [ERROR] ConditionMgr:805 - Attr not supported : Dmpu
2024-12-06 15:00:38,436 [ERROR] ConditionMgr:805 - Attr not supported : Dmpu
2024-12-06 15:00:38,436 [ERROR] ConditionMgr:805 - Attr not supported : Dmpu
2024-12-06 15:00:38,436 [ERROR] ConditionMgr:805 - Attr not supported : Dmpu
2024-12-06 15:00:38,436 [ERROR] ConditionMgr:805 - Attr not supported : Dmpu
2024-12-06 15:00:38,436 [ERROR] ConditionMgr:805 - Attr not supported : Dmpu
2024-12-06 15:00:38,436 [ERROR] ConditionMgr:805 - Attr not supported : Dmpu
2024-12-06 15:00:38,436 [ERROR] ConditionMgr:805 - Attr not supported : Dmpu
2024-12-06 15:00:38,437 [ERROR] ConditionMgr:805 - Attr not supported : Dmpu
2024-12-06 15:00:38,437 [ERROR] ConditionMgr:805 - Attr not supported : Dmpu
2024-12-06 15:00:38,437 [ERROR] ConditionMgr:805 - Attr not supported : Dmpu
2024-12-06 15:00:38,437 [ERROR] ConditionMgr:805 - Attr not supported : Dmpu
2024-12-06 15:00:38,437 [ERROR] ConditionMgr:805 - Attr not supported : Dmpu
2024-12-06 15:00:38,437 [ERROR] ConditionMgr:805 - Attr not supported : Dmpu
2024-12-06 15:00:38,448 [WARN] PackLoader:240 - Cannot read IP mode file for RealThread.X-CUBE-RT-Thread_Nano.4.1.1
2024-12-06 15:00:38,457 [WARN] PackLoader:240 - Cannot read IP mode file for STMicroelectronics.FP-ATR-SIGFOX1.3.2.0
2024-12-06 15:00:38,466 [WARN] ConditionMgr:438 - getConditionDescription Invalid condition id : Cortex-A Device cause : null
2024-12-06 15:00:38,493 [WARN] ConditionMgr:1039 - genDependencies : Invalid condition id : Cortex-A Device cause : null
2024-12-06 15:00:38,493 [WARN] ConditionMgr:1039 - genDependencies : Invalid condition id : Cortex-A Device cause : null
2024-12-06 15:00:38,493 [WARN] ConditionMgr:1039 - genDependencies : Invalid condition id : Cortex-A Device cause : null
2024-12-06 15:00:38,505 [WARN] PackLoader:240 - Cannot read IP mode file for STMicroelectronics.X-CUBE-EEPRMA1.5.1.0
2024-12-06 15:00:38,517 [WARN] PackLoader:240 - Cannot read IP mode file for wolfSSL.I-CUBE-wolfSSL.5.7.4
2024-12-06 15:00:38,529 [WARN] PackLoader:240 - Cannot read IP mode file for ITTIA_DB.I-CUBE-ITTIADB.8.9.0
2024-12-06 15:00:38,584 [WARN] PackLoader:240 - Cannot read IP mode file for SEGGER.I-CUBE-embOS.1.3.1
2024-12-06 15:00:38,675 [WARN] PackLoader:240 - Cannot read IP mode file for STMicroelectronics.X-CUBE-ALGOBUILD.1.4.0
2024-12-06 15:00:38,682 [WARN] PackLoader:240 - Cannot read IP mode file for STMicroelectronics.X-CUBE-AI.9.1.0
2024-12-06 15:00:38,703 [WARN] PackLoader:240 - Cannot read IP mode file for STMicroelectronics.X-CUBE-AZRTOS-F4.1.1.0
2024-12-06 15:00:38,711 [WARN] PackLoader:240 - Cannot read IP mode file for STMicroelectronics.X-CUBE-ISPU.2.1.0
2024-12-06 15:00:38,719 [WARN] PackLoader:240 - Cannot read IP mode file for STMicroelectronics.X-CUBE-FREERTOS.1.2.0
2024-12-06 15:00:38,742 [WARN] PackLoader:240 - Cannot read IP mode file for STMicroelectronics.X-CUBE-AZRTOS-L5.2.0.0
2024-12-06 15:00:38,757 [WARN] PackLoader:240 - Cannot read IP mode file for STMicroelectronics.X-CUBE-NFC6.3.1.0
2024-12-06 15:00:38,769 [WARN] PackLoader:240 - Cannot read IP mode file for STMicroelectronics.X-CUBE-DPower.1.2.0
2024-12-06 15:00:38,779 [WARN] PackLoader:240 - Cannot read IP mode file for STMicroelectronics.X-CUBE-NFC7.1.0.1
2024-12-06 15:00:38,804 [WARN] ConditionMgr:438 - getConditionDescription Invalid condition id : LAN8742 Phy interface Condition cause : null
2024-12-06 15:00:38,805 [WARN] PackLoader:240 - Cannot read IP mode file for STMicroelectronics.X-CUBE-AZRTOS-L4.2.0.0
2024-12-06 15:00:38,807 [WARN] ConditionMgr:1039 - genDependencies : Invalid condition id : LAN8742 Phy interface Condition cause : null
2024-12-06 15:00:38,807 [WARN] ConditionMgr:1039 - genDependencies : Invalid condition id : LAN8742 Phy interface Condition cause : null
2024-12-06 15:00:38,807 [WARN] ConditionMgr:1039 - genDependencies : Invalid condition id : LAN8742 Phy interface Condition cause : null
2024-12-06 15:00:38,819 [WARN] PackLoader:240 - Cannot read IP mode file for STMicroelectronics.X-CUBE-SFXS2LP1.4.0.0
2024-12-06 15:00:38,852 [WARN] PackLoader:240 - Cannot read IP mode file for STMicroelectronics.X-CUBE-AZRTOS-H7.3.3.0
2024-12-06 15:00:38,875 [WARN] PackLoader:240 - Cannot read IP mode file for STMicroelectronics.X-CUBE-IPS.3.0.0
2024-12-06 15:00:38,906 [WARN] ConditionMgr:438 - getConditionDescription Invalid condition id : UX DEVICE CLASS RTOS Condition cause : null
2024-12-06 15:00:38,906 [WARN] ConditionMgr:438 - getConditionDescription Invalid condition id : UX DEVICE CLASS RTOS Condition cause : null
2024-12-06 15:00:38,910 [WARN] PackLoader:240 - Cannot read IP mode file for STMicroelectronics.X-CUBE-AZRTOS-WB.2.0.0
2024-12-06 15:00:38,910 [WARN] ConditionMgr:1039 - genDependencies : Invalid condition id : UX DEVICE CLASS RTOS Condition cause : null
2024-12-06 15:00:38,910 [WARN] ConditionMgr:1039 - genDependencies : Invalid condition id : UX DEVICE CLASS RTOS Condition cause : null
2024-12-06 15:00:38,911 [WARN] ConditionMgr:1039 - genDependencies : Invalid condition id : UX DEVICE CLASS RTOS Condition cause : null
2024-12-06 15:00:38,911 [WARN] ConditionMgr:1039 - genDependencies : Invalid condition id : UX DEVICE CLASS RTOS Condition cause : null
2024-12-06 15:00:38,911 [WARN] ConditionMgr:1039 - genDependencies : Invalid condition id : UX DEVICE CLASS RTOS Condition cause : null
2024-12-06 15:00:38,921 [WARN] PackLoader:240 - Cannot read IP mode file for STMicroelectronics.X-CUBE-GNSS1.7.0.0
2024-12-06 15:00:38,932 [WARN] PackLoader:240 - Cannot read IP mode file for STMicroelectronics.FP-SNS-STBOX1.2.0.0
2024-12-06 15:00:38,952 [WARN] PackLoader:240 - Cannot read IP mode file for STMicroelectronics.X-CUBE-SUBG2.5.0.0
2024-12-06 15:00:38,967 [WARN] PackLoader:240 - Cannot read IP mode file for Cesanta.I-CUBE-Mongoose.7.13.0
2024-12-06 15:00:38,992 [WARN] PackLoader:240 - Cannot read IP mode file for STMicroelectronics.X-CUBE-AZRTOS-G4.2.0.0
2024-12-06 15:00:39,004 [WARN] PackLoader:240 - Cannot read IP mode file for STMicroelectronics.X-CUBE-ALS.1.0.2
2024-12-06 15:00:39,012 [WARN] PackLoader:240 - Cannot read IP mode file for STMicroelectronics.X-CUBE-TOUCHGFX.4.24.1
2024-12-06 15:00:39,091 [WARN] PackLoader:240 - Cannot read IP mode file for wolfSSL.I-CUBE-wolfTPM.3.4.0
2024-12-06 15:00:39,102 [WARN] PackLoader:240 - Cannot read IP mode file for portGmbH.I-Cube-SoM-uGOAL.1.1.0
2024-12-06 15:00:39,123 [WARN] PackLoader:240 - Cannot read IP mode file for STMicroelectronics.X-CUBE-AZRTOS-H7RS.1.0.0
2024-12-06 15:00:39,142 [WARN] PackLoader:240 - Cannot read IP mode file for STMicroelectronics.X-CUBE-TOF1.3.4.2
2024-12-06 15:00:39,181 [WARN] PackLoader:240 - Cannot read IP mode file for Infineon.AIROC-Wi-Fi-Bluetooth-STM32.1.6.1
2024-12-06 15:00:39,193 [WARN] PackLoader:240 - Cannot read IP mode file for wolfSSL.I-CUBE-wolfSSH.1.4.17
2024-12-06 15:00:39,194 [INFO] ThirdParty:978 - Integrity check success = true
2024-12-06 15:00:39,194 [INFO] IntegrityCheckThread:100 - exiting critical section [integrity check]
2024-12-06 15:00:39,195 [INFO] IntegrityCheckThread:103 - End integrity checks thread
2024-12-06 21:05:39,523 [ERROR] LogOutputStream:75 - [STDERR_REDIRECT] 
